"../../../Engine/Content/EditorResources/S_Actor.ubulk" 0
"../../../Engine/Content/EditorResources/S_Actor.uasset" 1
"../../../Engine/Content/EditorResources/S_Actor.uexp" 2
"../../../Engine/Content/EditorResources/S_BoxReflectionCapture.uasset" 3
"../../../Engine/Content/EditorResources/S_BoxReflectionCapture.uexp" 4
"../../../Engine/Content/EngineResources/DefaultTexture.ubulk" 5
"../../../Engine/Content/EngineResources/DefaultTexture.uasset" 6
"../../../Engine/Content/EngineResources/DefaultTexture.uexp" 7
"../../../Engine/Content/EngineResources/DefaultTextureCube.uasset" 8
"../../../Engine/Content/EngineResources/DefaultTextureCube.uexp" 9
"../../../Engine/Content/EngineResources/DefaultVolumeTexture2D.uasset" 10
"../../../Engine/Content/EngineResources/DefaultVolumeTexture2D.uexp" 11
"../../../Engine/Content/EngineResources/DefaultVolumeTexture.uasset" 12
"../../../Engine/Content/EngineResources/DefaultVolumeTexture.uexp" 13
"../../../Engine/Content/EditorResources/S_Trigger.ubulk" 14
"../../../Engine/Content/EditorResources/S_Trigger.uasset" 15
"../../../Engine/Content/EditorResources/S_Trigger.uexp" 16
"../../../Engine/Content/EditorResources/S_TriggerBox.uasset" 17
"../../../Engine/Content/EditorResources/S_TriggerBox.uexp" 18
"../../../Engine/Content/EditorResources/S_TriggerCapsule.uasset" 19
"../../../Engine/Content/EditorResources/S_TriggerCapsule.uexp" 20
"../../../Engine/Content/EditorResources/S_TriggerSphere.uasset" 21
"../../../Engine/Content/EditorResources/S_TriggerSphere.uexp" 22
"../../../Engine/Content/EngineMeshes/Sphere.ubulk" 23
"../../../Engine/Content/EngineMeshes/Sphere.uasset" 24
"../../../Engine/Content/EngineMeshes/Sphere.uexp" 25
"../../../Engine/Content/EngineResources/GradientTexture0.uasset" 26
"../../../Engine/Content/EngineResources/GradientTexture0.uexp" 27
"../../../Engine/Content/EngineResources/Black.uasset" 28
"../../../Engine/Content/EngineResources/Black.uexp" 29
"../../../Engine/Content/VREditor/LaserPointer/VR_LaserPower_01.ubulk" 30
"../../../Engine/Content/VREditor/LaserPointer/VR_LaserPower_01.uasset" 31
"../../../Engine/Content/VREditor/LaserPointer/VR_LaserPower_01.uexp" 32
"../../../Engine/Content/VREditor/TransformGizmo/TransformGizmoMaterial.uasset" 33
"../../../Engine/Content/VREditor/TransformGizmo/TransformGizmoMaterial.uexp" 34
"../../../Engine/Content/VREditor/TransformGizmo/TranslucentTransformGizmoMaterial.uasset" 35
"../../../Engine/Content/VREditor/TransformGizmo/TranslucentTransformGizmoMaterial.uexp" 36
"../../../Engine/Content/VREditor/TransformGizmo/PlaneTranslationHandle.ubulk" 37
"../../../Engine/Content/VREditor/TransformGizmo/PlaneTranslationHandle.uasset" 38
"../../../Engine/Content/VREditor/TransformGizmo/PlaneTranslationHandle.uexp" 39
"../../../Engine/Content/VREditor/TransformGizmo/BoundingBoxCorner.ubulk" 40
"../../../Engine/Content/VREditor/TransformGizmo/BoundingBoxCorner.uasset" 41
"../../../Engine/Content/VREditor/TransformGizmo/BoundingBoxCorner.uexp" 42
"../../../Engine/Content/VREditor/TransformGizmo/BoundingBoxEdge.ubulk" 43
"../../../Engine/Content/VREditor/TransformGizmo/BoundingBoxEdge.uasset" 44
"../../../Engine/Content/VREditor/TransformGizmo/BoundingBoxEdge.uexp" 45
"../../../Engine/Content/VREditor/TransformGizmo/Main.uasset" 46
"../../../Engine/Content/VREditor/TransformGizmo/Main.uexp" 47
"../../../Engine/Content/VREditor/TransformGizmo/Xray.uasset" 48
"../../../Engine/Content/VREditor/TransformGizmo/Xray.uexp" 49
"../../../Engine/Content/VREditor/TransformGizmo/SM_Sequencer_Node.ubulk" 50
"../../../Engine/Content/VREditor/TransformGizmo/SM_Sequencer_Node.uasset" 51
"../../../Engine/Content/VREditor/TransformGizmo/SM_Sequencer_Node.uexp" 52
"../../../Engine/Content/EditorMaterials/Camera/CineMat.uasset" 53
"../../../Engine/Content/EditorMaterials/Camera/CineMat.uexp" 54
"../../../Engine/Content/EditorMaterials/Camera/MI_CineMat_Rig.uasset" 55
"../../../Engine/Content/EditorMaterials/Camera/MI_CineMat_Rig.uexp" 56
"../../../Engine/Content/EditorMeshes/Camera/SM_CraneRig_Base.ubulk" 57
"../../../Engine/Content/EditorMeshes/Camera/SM_CraneRig_Base.uasset" 58
"../../../Engine/Content/EditorMeshes/Camera/SM_CraneRig_Base.uexp" 59
"../../../Engine/Content/EditorMeshes/Camera/SM_CraneRig_Arm.ubulk" 60
"../../../Engine/Content/EditorMeshes/Camera/SM_CraneRig_Arm.uasset" 61
"../../../Engine/Content/EditorMeshes/Camera/SM_CraneRig_Arm.uexp" 62
"../../../Engine/Content/EditorMeshes/Camera/SM_CraneRig_Mount.ubulk" 63
"../../../Engine/Content/EditorMeshes/Camera/SM_CraneRig_Mount.uasset" 64
"../../../Engine/Content/EditorMeshes/Camera/SM_CraneRig_Mount.uexp" 65
"../../../Engine/Content/EditorMeshes/Camera/SM_CraneRig_Body.ubulk" 66
"../../../Engine/Content/EditorMeshes/Camera/SM_CraneRig_Body.uasset" 67
"../../../Engine/Content/EditorMeshes/Camera/SM_CraneRig_Body.uexp" 68
"../../../Engine/Content/EditorMeshes/Camera/SM_RailRig_Track.ubulk" 69
"../../../Engine/Content/EditorMeshes/Camera/SM_RailRig_Track.uasset" 70
"../../../Engine/Content/EditorMeshes/Camera/SM_RailRig_Track.uexp" 71
"../../../Engine/Content/EditorMeshes/Camera/SM_RailRig_Mount.ubulk" 72
"../../../Engine/Content/EditorMeshes/Camera/SM_RailRig_Mount.uasset" 73
"../../../Engine/Content/EditorMeshes/Camera/SM_RailRig_Mount.uexp" 74
"../../../Engine/Content/EngineMaterials/T_Default_Material_Grid_M.ubulk" 75
"../../../Engine/Content/EngineMaterials/T_Default_Material_Grid_M.uasset" 76
"../../../Engine/Content/EngineMaterials/T_Default_Material_Grid_M.uexp" 77
"../../../Engine/Content/EngineMaterials/T_Default_Material_Grid_N.ubulk" 78
"../../../Engine/Content/EngineMaterials/T_Default_Material_Grid_N.uasset" 79
"../../../Engine/Content/EngineMaterials/T_Default_Material_Grid_N.uexp" 80
"../../../Engine/Content/Functions/Engine_MaterialFunctions01/Opacity/CameraDepthFade.uasset" 81
"../../../Engine/Content/Functions/Engine_MaterialFunctions01/Opacity/CameraDepthFade.uexp" 82
"../../../Engine/Content/EngineMaterials/WorldGridMaterial.uasset" 83
"../../../Engine/Content/EngineMaterials/WorldGridMaterial.uexp" 84
"../../../Engine/Content/ArtTools/RenderToTexture/Meshes/S_1_Unit_Plane.ubulk" 85
"../../../Engine/Content/ArtTools/RenderToTexture/Meshes/S_1_Unit_Plane.uasset" 86
"../../../Engine/Content/ArtTools/RenderToTexture/Meshes/S_1_Unit_Plane.uexp" 87
"../../../Engine/Content/EditorMaterials/ParticleSystems/PSysThumbnail_NoImage.ubulk" 88
"../../../Engine/Content/EditorMaterials/ParticleSystems/PSysThumbnail_NoImage.uasset" 89
"../../../Engine/Content/EditorMaterials/ParticleSystems/PSysThumbnail_NoImage.uexp" 90
"../../../Engine/Content/EditorMaterials/ParticleSystems/PSysThumbnail_OOD.ubulk" 91
"../../../Engine/Content/EditorMaterials/ParticleSystems/PSysThumbnail_OOD.uasset" 92
"../../../Engine/Content/EditorMaterials/ParticleSystems/PSysThumbnail_OOD.uexp" 93
"../../../Engine/Content/EditorLandscapeResources/SplineEditorMeshMat.uasset" 94
"../../../Engine/Content/EditorLandscapeResources/SplineEditorMeshMat.uexp" 95
"../../../Engine/Content/EditorLandscapeResources/SplineEditorMesh.ubulk" 96
"../../../Engine/Content/EditorLandscapeResources/SplineEditorMesh.uasset" 97
"../../../Engine/Content/EditorLandscapeResources/SplineEditorMesh.uexp" 98
"../../../Engine/Content/EditorResources/S_Solver.ubulk" 99
"../../../Engine/Content/EditorResources/S_Solver.uasset" 100
"../../../Engine/Content/EditorResources/S_Solver.uexp" 101
"../../../Engine/Plugins/Media/MediaPlate/Content/SM_MediaPlateScreen.ubulk" 102
"../../../Engine/Plugins/Media/MediaPlate/Content/SM_MediaPlateScreen.uasset" 103
"../../../Engine/Plugins/Media/MediaPlate/Content/SM_MediaPlateScreen.uexp" 104
"../../../Engine/Content/EngineMaterials/Good64x64TilingNoiseHighFreq.uasset" 105
"../../../Engine/Content/EngineMaterials/Good64x64TilingNoiseHighFreq.uexp" 106
"../../../Engine/Content/EngineMaterials/DefaultBokeh.uasset" 107
"../../../Engine/Content/EngineMaterials/DefaultBokeh.uexp" 108
"../../../Engine/Content/EngineMaterials/PreintegratedSkinBRDF.uasset" 109
"../../../Engine/Content/EngineMaterials/PreintegratedSkinBRDF.uexp" 110
"../../../Engine/Content/EngineMaterials/MiniFont.uasset" 111
"../../../Engine/Content/EngineMaterials/MiniFont.uexp" 112
"../../../Engine/Content/EngineMaterials/WeightMapPlaceholderTexture.uasset" 113
"../../../Engine/Content/EngineMaterials/WeightMapPlaceholderTexture.uexp" 114
"../../../Engine/Content/EngineMaterials/DefaultWhiteGrid.ubulk" 115
"../../../Engine/Content/EngineMaterials/DefaultWhiteGrid.uasset" 116
"../../../Engine/Content/EngineMaterials/DefaultWhiteGrid.uexp" 117
"../../../Engine/Content/Functions/Engine_MaterialFunctions02/WorldPositionOffset/CameraOffset.uasset" 118
"../../../Engine/Content/Functions/Engine_MaterialFunctions02/WorldPositionOffset/CameraOffset.uexp" 119
"../../../Engine/Plugins/Animation/ControlRig/Content/M_Manip.uasset" 120
"../../../Engine/Plugins/Animation/ControlRig/Content/M_Manip.uexp" 121
"../../../Engine/Plugins/2D/Paper2D/Content/PlaceholderTextures/DummySpriteTexture.ubulk" 122
"../../../Engine/Plugins/2D/Paper2D/Content/PlaceholderTextures/DummySpriteTexture.uasset" 123
"../../../Engine/Plugins/2D/Paper2D/Content/PlaceholderTextures/DummySpriteTexture.uexp" 124
"../../../Engine/Plugins/2D/Paper2D/Content/DefaultSpriteMaterial.uasset" 125
"../../../Engine/Plugins/2D/Paper2D/Content/DefaultSpriteMaterial.uexp" 126
"../../../Engine/Plugins/2D/Paper2D/Content/OpaqueUnlitSpriteMaterial.uasset" 127
"../../../Engine/Plugins/2D/Paper2D/Content/OpaqueUnlitSpriteMaterial.uexp" 128
"../../../Engine/Plugins/2D/Paper2D/Content/MaskedUnlitSpriteMaterial.uasset" 129
"../../../Engine/Plugins/2D/Paper2D/Content/MaskedUnlitSpriteMaterial.uexp" 130
"../../../Engine/Plugins/2D/Paper2D/Content/DummySprite.uasset" 131
"../../../Engine/Plugins/2D/Paper2D/Content/DummySprite.uexp" 132
"../../../Engine/Plugins/2D/Paper2D/Content/DefaultPaperTerrainMaterial.uasset" 133
"../../../Engine/Plugins/2D/Paper2D/Content/DefaultPaperTerrainMaterial.uexp" 134
"C:/Users/Stanl/Projects/Game Projects/UE Projects/School Projects/GP DIG4715C/Gehenna/Content/__GroupContent/NewBlueprint1.uasset" 135
"C:/Users/Stanl/Projects/Game Projects/UE Projects/School Projects/GP DIG4715C/Gehenna/Content/__GroupContent/NewBlueprint1.uexp" 136
"C:/Users/Stanl/Projects/Game Projects/UE Projects/School Projects/GP DIG4715C/Gehenna/Content/__GroupContent/NewBlueprint.uasset" 137
"C:/Users/Stanl/Projects/Game Projects/UE Projects/School Projects/GP DIG4715C/Gehenna/Content/__GroupContent/NewBlueprint.uexp" 138
"../../../Engine/Plugins/Runtime/MeshModelingToolset/Content/Materials/M_DynamicMeshComponentVtxColor.uasset" 139
"../../../Engine/Plugins/Runtime/MeshModelingToolset/Content/Materials/M_DynamicMeshComponentVtxColor.uexp" 140
"../../../Engine/Plugins/Interchange/Runtime/Content/Pipelines/DefaultTexturePipeline.uasset" 141
"../../../Engine/Plugins/Interchange/Runtime/Content/Pipelines/DefaultTexturePipeline.uexp" 142
"../../../Engine/Plugins/Interchange/Runtime/Content/Pipelines/DefaultSceneLevelPipeline.uasset" 143
"../../../Engine/Plugins/Interchange/Runtime/Content/Pipelines/DefaultSceneLevelPipeline.uexp" 144
"../../../Engine/Plugins/Interchange/Runtime/Content/Pipelines/DefaultSceneAssetsPipeline.uasset" 145
"../../../Engine/Plugins/Interchange/Runtime/Content/Pipelines/DefaultSceneAssetsPipeline.uexp" 146
"../../../Engine/Plugins/Interchange/Runtime/Content/Pipelines/DefaultMaterialPipeline.uasset" 147
"../../../Engine/Plugins/Interchange/Runtime/Content/Pipelines/DefaultMaterialPipeline.uexp" 148
"../../../Engine/Plugins/Interchange/Runtime/Content/Pipelines/DefaultAssetsPipeline.uasset" 149
"../../../Engine/Plugins/Interchange/Runtime/Content/Pipelines/DefaultAssetsPipeline.uexp" 150
"../../../Engine/Plugins/Editor/SpeedTreeImporter/Content/SpeedTree9/game_wind_noise.ubulk" 151
"../../../Engine/Plugins/Editor/SpeedTreeImporter/Content/SpeedTree9/game_wind_noise.uasset" 152
"../../../Engine/Plugins/Editor/SpeedTreeImporter/Content/SpeedTree9/game_wind_noise.uexp" 153
"../../../Engine/Plugins/Editor/SpeedTreeImporter/Content/SpeedTree9/UnpackDirection.uasset" 154
"../../../Engine/Plugins/Editor/SpeedTreeImporter/Content/SpeedTree9/UnpackDirection.uexp" 155
"../../../Engine/Content/Functions/Engine_MaterialFunctions02/ObjectLocalBounds.uasset" 156
"../../../Engine/Content/Functions/Engine_MaterialFunctions02/ObjectLocalBounds.uexp" 157
"../../../Engine/Content/Functions/Engine_MaterialFunctions02/Utility/BreakOutFloat3Components.uasset" 158
"../../../Engine/Content/Functions/Engine_MaterialFunctions02/Utility/BreakOutFloat3Components.uexp" 159
"../../../Engine/Content/Functions/Engine_MaterialFunctions02/UVs/BoundingBoxBased_0-1_UVW.uasset" 160
"../../../Engine/Content/Functions/Engine_MaterialFunctions02/UVs/BoundingBoxBased_0-1_UVW.uexp" 161
"../../../Engine/Content/Functions/Engine_MaterialFunctions02/Utility/VectorLength.uasset" 162
"../../../Engine/Content/Functions/Engine_MaterialFunctions02/Utility/VectorLength.uexp" 163
"../../../Engine/Plugins/Editor/SpeedTreeImporter/Content/SpeedTree9/UnpackInteger3.uasset" 164
"../../../Engine/Plugins/Editor/SpeedTreeImporter/Content/SpeedTree9/UnpackInteger3.uexp" 165
"../../../Engine/Plugins/Editor/SpeedTreeImporter/Content/SpeedTree9/SpeedTreeCameraFacing.uasset" 166
"../../../Engine/Plugins/Editor/SpeedTreeImporter/Content/SpeedTree9/SpeedTreeCameraFacing.uexp" 167
"../../../Engine/Content/Functions/Engine_MaterialFunctions02/WorldPositionOffset/ObjectScale.uasset" 168
"../../../Engine/Content/Functions/Engine_MaterialFunctions02/WorldPositionOffset/ObjectScale.uexp" 169
"../../../Engine/Content/Functions/Engine_MaterialFunctions02/SafeNormalize.uasset" 170
"../../../Engine/Content/Functions/Engine_MaterialFunctions02/SafeNormalize.uexp" 171
"../../../Engine/Plugins/Editor/SpeedTreeImporter/Content/SpeedTree9/SpeedTreeWindMotion.uasset" 172
"../../../Engine/Plugins/Editor/SpeedTreeImporter/Content/SpeedTree9/SpeedTreeWindMotion.uexp" 173
"../../../Engine/Plugins/Editor/SpeedTreeImporter/Content/SpeedTree9/SpeedTreeBranchMotion.uasset" 174
"../../../Engine/Plugins/Editor/SpeedTreeImporter/Content/SpeedTree9/SpeedTreeBranchMotion.uexp" 175
"../../../Engine/Plugins/Editor/SpeedTreeImporter/Content/SpeedTree9/SpeedTreeWind.uasset" 176
"../../../Engine/Plugins/Editor/SpeedTreeImporter/Content/SpeedTree9/SpeedTreeWind.uexp" 177
"../../../Engine/Plugins/Editor/SpeedTreeImporter/Content/SpeedTree9/EmptyNormal.uasset" 178
"../../../Engine/Plugins/Editor/SpeedTreeImporter/Content/SpeedTree9/EmptyNormal.uexp" 179
"../../../Engine/Plugins/Editor/SpeedTreeImporter/Content/SpeedTree9/Empty.uasset" 180
"../../../Engine/Plugins/Editor/SpeedTreeImporter/Content/SpeedTree9/Empty.uexp" 181
"../../../Engine/Plugins/Editor/SpeedTreeImporter/Content/SpeedTree9/SpeedTreeMaster.uasset" 182
"../../../Engine/Plugins/Editor/SpeedTreeImporter/Content/SpeedTree9/SpeedTreeMaster.uexp" 183
"../../../Engine/Plugins/Editor/SpeedTreeImporter/Content/SpeedTree9/SpeedTreeBillboard.uasset" 184
"../../../Engine/Plugins/Editor/SpeedTreeImporter/Content/SpeedTree9/SpeedTreeBillboard.uexp" 185
"../../../Engine/Plugins/Editor/SpeedTreeImporter/Content/SpeedTree9/SpeedTreeBillboardMaster.uasset" 186
"../../../Engine/Plugins/Editor/SpeedTreeImporter/Content/SpeedTree9/SpeedTreeBillboardMaster.uexp" 187
"../../../Engine/Plugins/Animation/ControlRig/Content/Controls/DefaultGizmoLibraryNormalized.uasset" 188
"../../../Engine/Plugins/Animation/ControlRig/Content/Controls/DefaultGizmoLibraryNormalized.uexp" 189
"../../../Engine/Plugins/Animation/ControlRig/Content/Controls/ControlRig_Wedge_solid.ubulk" 190
"../../../Engine/Plugins/Animation/ControlRig/Content/Controls/ControlRig_Wedge_solid.uasset" 191
"../../../Engine/Plugins/Animation/ControlRig/Content/Controls/ControlRig_Wedge_solid.uexp" 192
"../../../Engine/Plugins/Animation/ControlRig/Content/Controls/ControlRig_Wedge_3mm.ubulk" 193
"../../../Engine/Plugins/Animation/ControlRig/Content/Controls/ControlRig_Wedge_3mm.uasset" 194
"../../../Engine/Plugins/Animation/ControlRig/Content/Controls/ControlRig_Wedge_3mm.uexp" 195
"../../../Engine/Plugins/Animation/ControlRig/Content/Controls/ControlRig_Wedge_1mm.ubulk" 196
"../../../Engine/Plugins/Animation/ControlRig/Content/Controls/ControlRig_Wedge_1mm.uasset" 197
"../../../Engine/Plugins/Animation/ControlRig/Content/Controls/ControlRig_Wedge_1mm.uexp" 198
"../../../Engine/Plugins/Animation/ControlRig/Content/Controls/ControlRig_Triangle_solid.ubulk" 199
"../../../Engine/Plugins/Animation/ControlRig/Content/Controls/ControlRig_Triangle_solid.uasset" 200
"../../../Engine/Plugins/Animation/ControlRig/Content/Controls/ControlRig_Triangle_solid.uexp" 201
"../../../Engine/Plugins/Animation/ControlRig/Content/Controls/ControlRig_Triangle_3mm.ubulk" 202
"../../../Engine/Plugins/Animation/ControlRig/Content/Controls/ControlRig_Triangle_3mm.uasset" 203
"../../../Engine/Plugins/Animation/ControlRig/Content/Controls/ControlRig_Triangle_3mm.uexp" 204
"../../../Engine/Plugins/Animation/ControlRig/Content/Controls/ControlRig_Triangle_1mm.ubulk" 205
"../../../Engine/Plugins/Animation/ControlRig/Content/Controls/ControlRig_Triangle_1mm.uasset" 206
"../../../Engine/Plugins/Animation/ControlRig/Content/Controls/ControlRig_Triangle_1mm.uexp" 207
"../../../Engine/Plugins/Animation/ControlRig/Content/Controls/ControlRig_Star4_solid.ubulk" 208
"../../../Engine/Plugins/Animation/ControlRig/Content/Controls/ControlRig_Star4_solid.uasset" 209
"../../../Engine/Plugins/Animation/ControlRig/Content/Controls/ControlRig_Star4_solid.uexp" 210
"../../../Engine/Plugins/Animation/ControlRig/Content/Controls/ControlRig_Star4_3mm.ubulk" 211
"../../../Engine/Plugins/Animation/ControlRig/Content/Controls/ControlRig_Star4_3mm.uasset" 212
"../../../Engine/Plugins/Animation/ControlRig/Content/Controls/ControlRig_Star4_3mm.uexp" 213
"../../../Engine/Plugins/Animation/ControlRig/Content/Controls/ControlRig_Star4_1mm.ubulk" 214
"../../../Engine/Plugins/Animation/ControlRig/Content/Controls/ControlRig_Star4_1mm.uasset" 215
"../../../Engine/Plugins/Animation/ControlRig/Content/Controls/ControlRig_Star4_1mm.uexp" 216
"../../../Engine/Plugins/Animation/ControlRig/Content/Controls/ControlRig_Square_solid.ubulk" 217
"../../../Engine/Plugins/Animation/ControlRig/Content/Controls/ControlRig_Square_solid.uasset" 218
"../../../Engine/Plugins/Animation/ControlRig/Content/Controls/ControlRig_Square_solid.uexp" 219
"../../../Engine/Plugins/Animation/ControlRig/Content/Controls/ControlRig_Square_3mm.ubulk" 220
"../../../Engine/Plugins/Animation/ControlRig/Content/Controls/ControlRig_Square_3mm.uasset" 221
"../../../Engine/Plugins/Animation/ControlRig/Content/Controls/ControlRig_Square_3mm.uexp" 222
"../../../Engine/Plugins/Animation/ControlRig/Content/Controls/ControlRig_Square_1mm.ubulk" 223
"../../../Engine/Plugins/Animation/ControlRig/Content/Controls/ControlRig_Square_1mm.uasset" 224
"../../../Engine/Plugins/Animation/ControlRig/Content/Controls/ControlRig_Square_1mm.uexp" 225
"../../../Engine/Plugins/Animation/ControlRig/Content/Controls/ControlRig_Sphere_solid.ubulk" 226
"../../../Engine/Plugins/Animation/ControlRig/Content/Controls/ControlRig_Sphere_solid.uasset" 227
"../../../Engine/Plugins/Animation/ControlRig/Content/Controls/ControlRig_Sphere_solid.uexp" 228
"../../../Engine/Plugins/Animation/ControlRig/Content/Controls/ControlRig_Sphere_3mm.ubulk" 229
"../../../Engine/Plugins/Animation/ControlRig/Content/Controls/ControlRig_Sphere_3mm.uasset" 230
"../../../Engine/Plugins/Animation/ControlRig/Content/Controls/ControlRig_Sphere_3mm.uexp" 231
"../../../Engine/Plugins/Animation/ControlRig/Content/Controls/ControlRig_Sphere_1mm.ubulk" 232
"../../../Engine/Plugins/Animation/ControlRig/Content/Controls/ControlRig_Sphere_1mm.uasset" 233
"../../../Engine/Plugins/Animation/ControlRig/Content/Controls/ControlRig_Sphere_1mm.uexp" 234
"../../../Engine/Plugins/Animation/ControlRig/Content/Controls/ControlRig_RoundedTriangle_solid.ubulk" 235
"../../../Engine/Plugins/Animation/ControlRig/Content/Controls/ControlRig_RoundedTriangle_solid.uasset" 236
"../../../Engine/Plugins/Animation/ControlRig/Content/Controls/ControlRig_RoundedTriangle_solid.uexp" 237
"../../../Engine/Plugins/Animation/ControlRig/Content/Controls/ControlRig_RoundedTriangle_3mm.ubulk" 238
"../../../Engine/Plugins/Animation/ControlRig/Content/Controls/ControlRig_RoundedTriangle_3mm.uasset" 239
"../../../Engine/Plugins/Animation/ControlRig/Content/Controls/ControlRig_RoundedTriangle_3mm.uexp" 240
"../../../Engine/Plugins/Animation/ControlRig/Content/Controls/ControlRig_RoundedTriangle_1mm.ubulk" 241
"../../../Engine/Plugins/Animation/ControlRig/Content/Controls/ControlRig_RoundedTriangle_1mm.uasset" 242
"../../../Engine/Plugins/Animation/ControlRig/Content/Controls/ControlRig_RoundedTriangle_1mm.uexp" 243
"../../../Engine/Plugins/Animation/ControlRig/Content/Controls/ControlRig_RoundedSquare_solid.ubulk" 244
"../../../Engine/Plugins/Animation/ControlRig/Content/Controls/ControlRig_RoundedSquare_solid.uasset" 245
"../../../Engine/Plugins/Animation/ControlRig/Content/Controls/ControlRig_RoundedSquare_solid.uexp" 246
"../../../Engine/Plugins/Animation/ControlRig/Content/Controls/ControlRig_RoundedSquare_3mm.ubulk" 247
"../../../Engine/Plugins/Animation/ControlRig/Content/Controls/ControlRig_RoundedSquare_3mm.uasset" 248
"../../../Engine/Plugins/Animation/ControlRig/Content/Controls/ControlRig_RoundedSquare_3mm.uexp" 249
"../../../Engine/Plugins/Animation/ControlRig/Content/Controls/ControlRig_RoundedSquare_1mm.ubulk" 250
"../../../Engine/Plugins/Animation/ControlRig/Content/Controls/ControlRig_RoundedSquare_1mm.uasset" 251
"../../../Engine/Plugins/Animation/ControlRig/Content/Controls/ControlRig_RoundedSquare_1mm.uexp" 252
"../../../Engine/Plugins/Animation/ControlRig/Content/Controls/ControlRig_QuarterCircle_solid.ubulk" 253
"../../../Engine/Plugins/Animation/ControlRig/Content/Controls/ControlRig_QuarterCircle_solid.uasset" 254
"../../../Engine/Plugins/Animation/ControlRig/Content/Controls/ControlRig_QuarterCircle_solid.uexp" 255
"../../../Engine/Plugins/Animation/ControlRig/Content/Controls/ControlRig_QuarterCircle_3mm.ubulk" 256
"../../../Engine/Plugins/Animation/ControlRig/Content/Controls/ControlRig_QuarterCircle_3mm.uasset" 257
"../../../Engine/Plugins/Animation/ControlRig/Content/Controls/ControlRig_QuarterCircle_3mm.uexp" 258
"../../../Engine/Plugins/Animation/ControlRig/Content/Controls/ControlRig_QuarterCircle_1mm.ubulk" 259
"../../../Engine/Plugins/Animation/ControlRig/Content/Controls/ControlRig_QuarterCircle_1mm.uasset" 260
"../../../Engine/Plugins/Animation/ControlRig/Content/Controls/ControlRig_QuarterCircle_1mm.uexp" 261
"../../../Engine/Plugins/Animation/ControlRig/Content/Controls/ControlRig_Pyramid_solid.ubulk" 262
"../../../Engine/Plugins/Animation/ControlRig/Content/Controls/ControlRig_Pyramid_solid.uasset" 263
"../../../Engine/Plugins/Animation/ControlRig/Content/Controls/ControlRig_Pyramid_solid.uexp" 264
"../../../Engine/Plugins/Animation/ControlRig/Content/Controls/ControlRig_Pyramid_3mm.ubulk" 265
"../../../Engine/Plugins/Animation/ControlRig/Content/Controls/ControlRig_Pyramid_3mm.uasset" 266
"../../../Engine/Plugins/Animation/ControlRig/Content/Controls/ControlRig_Pyramid_3mm.uexp" 267
"../../../Engine/Plugins/Animation/ControlRig/Content/Controls/ControlRig_Pyramid_1mm.ubulk" 268
"../../../Engine/Plugins/Animation/ControlRig/Content/Controls/ControlRig_Pyramid_1mm.uasset" 269
"../../../Engine/Plugins/Animation/ControlRig/Content/Controls/ControlRig_Pyramid_1mm.uexp" 270
"../../../Engine/Plugins/Animation/ControlRig/Content/Controls/ControlRig_Octagon_solid.ubulk" 271
"../../../Engine/Plugins/Animation/ControlRig/Content/Controls/ControlRig_Octagon_solid.uasset" 272
"../../../Engine/Plugins/Animation/ControlRig/Content/Controls/ControlRig_Octagon_solid.uexp" 273
"../../../Engine/Plugins/Animation/ControlRig/Content/Controls/ControlRig_Octagon_3mm.ubulk" 274
"../../../Engine/Plugins/Animation/ControlRig/Content/Controls/ControlRig_Octagon_3mm.uasset" 275
"../../../Engine/Plugins/Animation/ControlRig/Content/Controls/ControlRig_Octagon_3mm.uexp" 276
"../../../Engine/Plugins/Animation/ControlRig/Content/Controls/ControlRig_Octagon_1mm.ubulk" 277
"../../../Engine/Plugins/Animation/ControlRig/Content/Controls/ControlRig_Octagon_1mm.uasset" 278
"../../../Engine/Plugins/Animation/ControlRig/Content/Controls/ControlRig_Octagon_1mm.uexp" 279
"../../../Engine/Plugins/Animation/ControlRig/Content/Controls/ControlRig_Hexagon_solid.ubulk" 280
"../../../Engine/Plugins/Animation/ControlRig/Content/Controls/ControlRig_Hexagon_solid.uasset" 281
"../../../Engine/Plugins/Animation/ControlRig/Content/Controls/ControlRig_Hexagon_solid.uexp" 282
"../../../Engine/Plugins/Animation/ControlRig/Content/Controls/ControlRig_Hexagon_3mm.ubulk" 283
"../../../Engine/Plugins/Animation/ControlRig/Content/Controls/ControlRig_Hexagon_3mm.uasset" 284
"../../../Engine/Plugins/Animation/ControlRig/Content/Controls/ControlRig_Hexagon_3mm.uexp" 285
"../../../Engine/Plugins/Animation/ControlRig/Content/Controls/ControlRig_Hexagon_1mm.ubulk" 286
"../../../Engine/Plugins/Animation/ControlRig/Content/Controls/ControlRig_Hexagon_1mm.uasset" 287
"../../../Engine/Plugins/Animation/ControlRig/Content/Controls/ControlRig_Hexagon_1mm.uexp" 288
"../../../Engine/Plugins/Animation/ControlRig/Content/Controls/ControlRig_HalfCircle_solid.ubulk" 289
"../../../Engine/Plugins/Animation/ControlRig/Content/Controls/ControlRig_HalfCircle_solid.uasset" 290
"../../../Engine/Plugins/Animation/ControlRig/Content/Controls/ControlRig_HalfCircle_solid.uexp" 291
"../../../Engine/Plugins/Animation/ControlRig/Content/Controls/ControlRig_HalfCircle_3mm.ubulk" 292
"../../../Engine/Plugins/Animation/ControlRig/Content/Controls/ControlRig_HalfCircle_3mm.uasset" 293
"../../../Engine/Plugins/Animation/ControlRig/Content/Controls/ControlRig_HalfCircle_3mm.uexp" 294
"../../../Engine/Plugins/Animation/ControlRig/Content/Controls/ControlRig_HalfCircle_1mm.ubulk" 295
"../../../Engine/Plugins/Animation/ControlRig/Content/Controls/ControlRig_HalfCircle_1mm.uasset" 296
"../../../Engine/Plugins/Animation/ControlRig/Content/Controls/ControlRig_HalfCircle_1mm.uexp" 297
"../../../Engine/Plugins/Animation/ControlRig/Content/Controls/ControlRig_Diamond_solid.ubulk" 298
"../../../Engine/Plugins/Animation/ControlRig/Content/Controls/ControlRig_Diamond_solid.uasset" 299
"../../../Engine/Plugins/Animation/ControlRig/Content/Controls/ControlRig_Diamond_solid.uexp" 300
"../../../Engine/Plugins/Animation/ControlRig/Content/Controls/ControlRig_Diamond_3mm.ubulk" 301
"../../../Engine/Plugins/Animation/ControlRig/Content/Controls/ControlRig_Diamond_3mm.uasset" 302
"../../../Engine/Plugins/Animation/ControlRig/Content/Controls/ControlRig_Diamond_3mm.uexp" 303
"../../../Engine/Plugins/Animation/ControlRig/Content/Controls/ControlRig_Diamond_1mm.ubulk" 304
"../../../Engine/Plugins/Animation/ControlRig/Content/Controls/ControlRig_Diamond_1mm.uasset" 305
"../../../Engine/Plugins/Animation/ControlRig/Content/Controls/ControlRig_Diamond_1mm.uexp" 306
"../../../Engine/Plugins/Animation/ControlRig/Content/Controls/ControlRig_Circle_solid.ubulk" 307
"../../../Engine/Plugins/Animation/ControlRig/Content/Controls/ControlRig_Circle_solid.uasset" 308
"../../../Engine/Plugins/Animation/ControlRig/Content/Controls/ControlRig_Circle_solid.uexp" 309
"../../../Engine/Plugins/Animation/ControlRig/Content/Controls/ControlRig_Circle_3mm.ubulk" 310
"../../../Engine/Plugins/Animation/ControlRig/Content/Controls/ControlRig_Circle_3mm.uasset" 311
"../../../Engine/Plugins/Animation/ControlRig/Content/Controls/ControlRig_Circle_3mm.uexp" 312
"../../../Engine/Plugins/Animation/ControlRig/Content/Controls/ControlRig_Circle_1mm.ubulk" 313
"../../../Engine/Plugins/Animation/ControlRig/Content/Controls/ControlRig_Circle_1mm.uasset" 314
"../../../Engine/Plugins/Animation/ControlRig/Content/Controls/ControlRig_Circle_1mm.uexp" 315
"../../../Engine/Plugins/Animation/ControlRig/Content/Controls/ControlRig_Box_solid.ubulk" 316
"../../../Engine/Plugins/Animation/ControlRig/Content/Controls/ControlRig_Box_solid.uasset" 317
"../../../Engine/Plugins/Animation/ControlRig/Content/Controls/ControlRig_Box_solid.uexp" 318
"../../../Engine/Plugins/Animation/ControlRig/Content/Controls/ControlRig_Box_3mm.ubulk" 319
"../../../Engine/Plugins/Animation/ControlRig/Content/Controls/ControlRig_Box_3mm.uasset" 320
"../../../Engine/Plugins/Animation/ControlRig/Content/Controls/ControlRig_Box_3mm.uexp" 321
"../../../Engine/Plugins/Animation/ControlRig/Content/Controls/ControlRig_Box_1mm.ubulk" 322
"../../../Engine/Plugins/Animation/ControlRig/Content/Controls/ControlRig_Box_1mm.uasset" 323
"../../../Engine/Plugins/Animation/ControlRig/Content/Controls/ControlRig_Box_1mm.uexp" 324
"../../../Engine/Plugins/Animation/ControlRig/Content/Controls/ControlRig_Arrow_solid.ubulk" 325
"../../../Engine/Plugins/Animation/ControlRig/Content/Controls/ControlRig_Arrow_solid.uasset" 326
"../../../Engine/Plugins/Animation/ControlRig/Content/Controls/ControlRig_Arrow_solid.uexp" 327
"../../../Engine/Plugins/Animation/ControlRig/Content/Controls/ControlRig_Arrow_3mm.ubulk" 328
"../../../Engine/Plugins/Animation/ControlRig/Content/Controls/ControlRig_Arrow_3mm.uasset" 329
"../../../Engine/Plugins/Animation/ControlRig/Content/Controls/ControlRig_Arrow_3mm.uexp" 330
"../../../Engine/Plugins/Animation/ControlRig/Content/Controls/ControlRig_Arrow_1mm.ubulk" 331
"../../../Engine/Plugins/Animation/ControlRig/Content/Controls/ControlRig_Arrow_1mm.uasset" 332
"../../../Engine/Plugins/Animation/ControlRig/Content/Controls/ControlRig_Arrow_1mm.uexp" 333
"../../../Engine/Plugins/Animation/ControlRig/Content/Controls/ControlRig_Arrow4_solid.ubulk" 334
"../../../Engine/Plugins/Animation/ControlRig/Content/Controls/ControlRig_Arrow4_solid.uasset" 335
"../../../Engine/Plugins/Animation/ControlRig/Content/Controls/ControlRig_Arrow4_solid.uexp" 336
"../../../Engine/Plugins/Animation/ControlRig/Content/Controls/ControlRig_Arrow4_3mm.ubulk" 337
"../../../Engine/Plugins/Animation/ControlRig/Content/Controls/ControlRig_Arrow4_3mm.uasset" 338
"../../../Engine/Plugins/Animation/ControlRig/Content/Controls/ControlRig_Arrow4_3mm.uexp" 339
"../../../Engine/Plugins/Animation/ControlRig/Content/Controls/ControlRig_Arrow4_1mm.ubulk" 340
"../../../Engine/Plugins/Animation/ControlRig/Content/Controls/ControlRig_Arrow4_1mm.uasset" 341
"../../../Engine/Plugins/Animation/ControlRig/Content/Controls/ControlRig_Arrow4_1mm.uexp" 342
"../../../Engine/Plugins/Animation/ControlRig/Content/Controls/ControlRig_Arrow2_solid.ubulk" 343
"../../../Engine/Plugins/Animation/ControlRig/Content/Controls/ControlRig_Arrow2_solid.uasset" 344
"../../../Engine/Plugins/Animation/ControlRig/Content/Controls/ControlRig_Arrow2_solid.uexp" 345
"../../../Engine/Plugins/Animation/ControlRig/Content/Controls/ControlRig_Arrow2_3mm.ubulk" 346
"../../../Engine/Plugins/Animation/ControlRig/Content/Controls/ControlRig_Arrow2_3mm.uasset" 347
"../../../Engine/Plugins/Animation/ControlRig/Content/Controls/ControlRig_Arrow2_3mm.uexp" 348
"../../../Engine/Plugins/Animation/ControlRig/Content/Controls/ControlRig_Arrow2_1mm.ubulk" 349
"../../../Engine/Plugins/Animation/ControlRig/Content/Controls/ControlRig_Arrow2_1mm.uasset" 350
"../../../Engine/Plugins/Animation/ControlRig/Content/Controls/ControlRig_Arrow2_1mm.uexp" 351
"../../../Engine/Plugins/Animation/ControlRig/Content/Controls/ControlRigXRayMaterial.uasset" 352
"../../../Engine/Plugins/Animation/ControlRig/Content/Controls/ControlRigXRayMaterial.uexp" 353
"../../../Engine/Plugins/Animation/ControlRig/Content/Controls/ControlRigGizmoMaterial.uasset" 354
"../../../Engine/Plugins/Animation/ControlRig/Content/Controls/ControlRigGizmoMaterial.uexp" 355
"../../../Engine/Content/EngineSounds/Master.uasset" 356
"../../../Engine/Content/EngineSounds/Master.uexp" 357
"../../../Engine/Content/EngineSky/M_SimpleSkyDome.uasset" 358
"../../../Engine/Content/EngineSky/M_SimpleSkyDome.uexp" 359
"../../../Engine/Content/EngineResources/WhiteSquareTexture.uasset" 360
"../../../Engine/Content/EngineResources/WhiteSquareTexture.uexp" 361
"../../../Engine/Content/EngineMaterials/Widget3DPassThrough.uasset" 362
"../../../Engine/Content/EngineMaterials/Widget3DPassThrough.uexp" 363
"../../../Engine/Content/EngineMaterials/Widget3DPassThrough_Translucent.uasset" 364
"../../../Engine/Content/EngineMaterials/Widget3DPassThrough_Translucent.uexp" 365
"../../../Engine/Content/EngineMaterials/Widget3DPassThrough_Translucent_OneSided.uasset" 366
"../../../Engine/Content/EngineMaterials/Widget3DPassThrough_Translucent_OneSided.uexp" 367
"../../../Engine/Content/EngineMaterials/Widget3DPassThrough_Opaque.uasset" 368
"../../../Engine/Content/EngineMaterials/Widget3DPassThrough_Opaque.uexp" 369
"../../../Engine/Content/EngineMaterials/Widget3DPassThrough_Opaque_OneSided.uasset" 370
"../../../Engine/Content/EngineMaterials/Widget3DPassThrough_Opaque_OneSided.uexp" 371
"../../../Engine/Content/EngineMaterials/Widget3DPassThrough_Masked_OneSided.uasset" 372
"../../../Engine/Content/EngineMaterials/Widget3DPassThrough_Masked_OneSided.uexp" 373
"../../../Engine/Content/EngineMaterials/Widget3DPassThrough_Masked.uasset" 374
"../../../Engine/Content/EngineMaterials/Widget3DPassThrough_Masked.uexp" 375
"../../../Engine/Content/EngineMaterials/STBlueNoise_vec2_128x128x64.uasset" 376
"../../../Engine/Content/EngineMaterials/STBlueNoise_vec2_128x128x64.uexp" 377
"../../../Engine/Content/EngineMaterials/STBlueNoise_scalar_128x128x64.uasset" 378
"../../../Engine/Content/EngineMaterials/STBlueNoise_scalar_128x128x64.uexp" 379
"../../../Engine/Content/EngineMaterials/RemoveSurfaceMaterial.uasset" 380
"../../../Engine/Content/EngineMaterials/RemoveSurfaceMaterial.uexp" 381
"../../../Engine/Content/EngineMaterials/DefaultCalibrationGrayscale.uasset" 382
"../../../Engine/Content/EngineMaterials/DefaultCalibrationGrayscale.uexp" 383
"../../../Engine/Content/EngineMaterials/PPM_DefaultCalibrationGrayscale.uasset" 384
"../../../Engine/Content/EngineMaterials/PPM_DefaultCalibrationGrayscale.uexp" 385
"../../../Engine/Content/EngineMaterials/DefaultCalibrationColor.uasset" 386
"../../../Engine/Content/EngineMaterials/DefaultCalibrationColor.uexp" 387
"../../../Engine/Content/EngineMaterials/PPM_DefaultCalibrationColor.uasset" 388
"../../../Engine/Content/EngineMaterials/PPM_DefaultCalibrationColor.uexp" 389
"../../../Engine/Content/EngineMaterials/PhAT_JointLimitMaterial.uasset" 390
"../../../Engine/Content/EngineMaterials/PhAT_JointLimitMaterial.uexp" 391
"../../../Engine/Content/EngineMaterials/NaniteHiddenSectionMaterial.uasset" 392
"../../../Engine/Content/EngineMaterials/NaniteHiddenSectionMaterial.uexp" 393
"../../../Engine/Content/EngineMaterials/InvalidLightmapSettings.ubulk" 394
"../../../Engine/Content/EngineMaterials/InvalidLightmapSettings.uasset" 395
"../../../Engine/Content/EngineMaterials/InvalidLightmapSettings.uexp" 396
"../../../Engine/Content/EngineMaterials/M_InvalidLightmapSettings.uasset" 397
"../../../Engine/Content/EngineMaterials/M_InvalidLightmapSettings.uexp" 398
"../../../Engine/Content/EngineMaterials/GizmoMaterial.uasset" 399
"../../../Engine/Content/EngineMaterials/GizmoMaterial.uexp" 400
"../../../Engine/Content/EngineMaterials/BaseFlattenEmissiveMap_VT.uasset" 401
"../../../Engine/Content/EngineMaterials/BaseFlattenEmissiveMap_VT.uexp" 402
"../../../Engine/Content/EngineMaterials/BaseFlattenGrayscaleMap_VT.uasset" 403
"../../../Engine/Content/EngineMaterials/BaseFlattenGrayscaleMap_VT.uexp" 404
"../../../Engine/Content/EngineMaterials/BaseFlattenLinearColor_VT.uasset" 405
"../../../Engine/Content/EngineMaterials/BaseFlattenLinearColor_VT.uexp" 406
"../../../Engine/Content/EngineMaterials/Black_1x1_EXR_Texture_VT.uasset" 407
"../../../Engine/Content/EngineMaterials/Black_1x1_EXR_Texture_VT.uexp" 408
"../../../Engine/Content/EngineMaterials/BaseFlattenDiffuseMap_VT.uasset" 409
"../../../Engine/Content/EngineMaterials/BaseFlattenDiffuseMap_VT.uexp" 410
"../../../Engine/Content/EngineMaterials/BaseFlattenNormalMap_VT.uasset" 411
"../../../Engine/Content/EngineMaterials/BaseFlattenNormalMap_VT.uexp" 412
"../../../Engine/Content/EngineMaterials/FlattenMaterial_WS_Normal_VT.uasset" 413
"../../../Engine/Content/EngineMaterials/FlattenMaterial_WS_Normal_VT.uexp" 414
"../../../Engine/Content/EngineMaterials/FlattenMaterial_VT.uasset" 415
"../../../Engine/Content/EngineMaterials/FlattenMaterial_VT.uexp" 416
"../../../Engine/Content/EngineMaterials/BaseFlattenNormalMap.uasset" 417
"../../../Engine/Content/EngineMaterials/BaseFlattenNormalMap.uexp" 418
"../../../Engine/Content/EngineMaterials/BaseFlattenGrayscaleMap.uasset" 419
"../../../Engine/Content/EngineMaterials/BaseFlattenGrayscaleMap.uexp" 420
"../../../Engine/Content/EngineMaterials/BaseFlattenDiffuseMap.uasset" 421
"../../../Engine/Content/EngineMaterials/BaseFlattenDiffuseMap.uexp" 422
"../../../Engine/Content/Functions/Engine_MaterialFunctions02/PivotPainter2/Black_1x1_EXR_Texture.uasset" 423
"../../../Engine/Content/Functions/Engine_MaterialFunctions02/PivotPainter2/Black_1x1_EXR_Texture.uexp" 424
"../../../Engine/Content/EngineMaterials/BaseFlattenEmissiveMap.uasset" 425
"../../../Engine/Content/EngineMaterials/BaseFlattenEmissiveMap.uexp" 426
"../../../Engine/Content/EngineMaterials/BaseFlattenLinearColor.uasset" 427
"../../../Engine/Content/EngineMaterials/BaseFlattenLinearColor.uexp" 428
"../../../Engine/Content/EngineMaterials/FlattenMaterial.uasset" 429
"../../../Engine/Content/EngineMaterials/FlattenMaterial.uexp" 430
"../../../Engine/Content/EngineMaterials/DefaultWhiteGrid_Low.uasset" 431
"../../../Engine/Content/EngineMaterials/DefaultWhiteGrid_Low.uexp" 432
"../../../Engine/Content/EngineMaterials/EmissiveMeshMaterial.uasset" 433
"../../../Engine/Content/EngineMaterials/EmissiveMeshMaterial.uexp" 434
"../../../Engine/Content/EngineFonts/RobotoDistanceField.uasset" 435
"../../../Engine/Content/EngineFonts/RobotoDistanceField.uexp" 436
"../../../Engine/Content/EngineMaterials/DefaultTextMaterialOpaque.uasset" 437
"../../../Engine/Content/EngineMaterials/DefaultTextMaterialOpaque.uexp" 438
"../../../Engine/Content/EngineMaterials/DefaultDiffuse.ubulk" 439
"../../../Engine/Content/EngineMaterials/DefaultDiffuse.uasset" 440
"../../../Engine/Content/EngineMaterials/DefaultDiffuse.uexp" 441
"../../../Engine/Content/Functions/Engine_MaterialFunctions02/Utility/BreakOutFloat2Components.uasset" 442
"../../../Engine/Content/Functions/Engine_MaterialFunctions02/Utility/BreakOutFloat2Components.uexp" 443
"../../../Engine/Content/EngineMaterials/DefaultPostProcessMaterial.uasset" 444
"../../../Engine/Content/EngineMaterials/DefaultPostProcessMaterial.uexp" 445
"../../../Engine/Content/EngineMaterials/DefaultPhysicalMaterial.uasset" 446
"../../../Engine/Content/EngineMaterials/DefaultPhysicalMaterial.uexp" 447
"../../../Engine/Content/EngineMaterials/DefaultLightFunctionMaterial.uasset" 448
"../../../Engine/Content/EngineMaterials/DefaultLightFunctionMaterial.uexp" 449
"../../../Engine/Content/EngineMaterials/DefaultDestructiblePhysicalMaterial.uasset" 450
"../../../Engine/Content/EngineMaterials/DefaultDestructiblePhysicalMaterial.uexp" 451
"../../../Engine/Content/EngineMaterials/DefaultDeferredDecalMaterial.uasset" 452
"../../../Engine/Content/EngineMaterials/DefaultDeferredDecalMaterial.uexp" 453
"../../../Engine/Content/EngineMaterials/DefaultBloomKernel.uasset" 454
"../../../Engine/Content/EngineMaterials/DefaultBloomKernel.uexp" 455
"../../../Engine/Content/EngineFonts/Faces/RobotoLight.uexp" 456
"../../../Engine/Content/EngineFonts/Faces/RobotoLight.uasset" 457
"../../../Engine/Content/EngineFonts/Faces/RobotoLight.ufont" 458
"../../../Engine/Content/EngineFonts/Faces/RobotoBold.uexp" 459
"../../../Engine/Content/EngineFonts/Faces/RobotoBold.uasset" 460
"../../../Engine/Content/EngineFonts/Faces/RobotoBold.ufont" 461
"../../../Engine/Content/EngineFonts/Faces/RobotoRegular.uexp" 462
"../../../Engine/Content/EngineFonts/Faces/RobotoRegular.uasset" 463
"../../../Engine/Content/EngineFonts/Faces/RobotoRegular.ufont" 464
"../../../Engine/Content/EngineFonts/Faces/DroidSansFallback.uexp" 465
"../../../Engine/Content/EngineFonts/Faces/DroidSansFallback.uasset" 466
"../../../Engine/Content/EngineFonts/Faces/DroidSansFallback.ufont" 467
"../../../Engine/Content/EngineFonts/Faces/RobotoItalic.uexp" 468
"../../../Engine/Content/EngineFonts/Faces/RobotoItalic.uasset" 469
"../../../Engine/Content/EngineFonts/Faces/RobotoItalic.ufont" 470
"../../../Engine/Content/EngineFonts/Faces/RobotoBoldItalic.uexp" 471
"../../../Engine/Content/EngineFonts/Faces/RobotoBoldItalic.uasset" 472
"../../../Engine/Content/EngineFonts/Faces/RobotoBoldItalic.ufont" 473
"../../../Engine/Content/EngineFonts/Roboto.uasset" 474
"../../../Engine/Content/EngineFonts/Roboto.uexp" 475
"../../../Engine/Content/Functions/Engine_MaterialFunctions02/Utility/CameraDirectionVector.uasset" 476
"../../../Engine/Content/Functions/Engine_MaterialFunctions02/Utility/CameraDirectionVector.uexp" 477
"../../../Engine/Content/EngineDebugMaterials/VolumeToRender.uasset" 478
"../../../Engine/Content/EngineDebugMaterials/VolumeToRender.uexp" 479
"../../../Engine/Content/EngineDebugMaterials/M_VolumeRenderSphereTracePP.uasset" 480
"../../../Engine/Content/EngineDebugMaterials/M_VolumeRenderSphereTracePP.uexp" 481
"../../../Engine/Content/EngineDebugMaterials/M_SimpleUnlitTranslucent.uasset" 482
"../../../Engine/Content/EngineDebugMaterials/M_SimpleUnlitTranslucent.uexp" 483
"../../../Engine/Content/EngineDebugMaterials/DebugMeshMaterial.uasset" 484
"../../../Engine/Content/EngineDebugMaterials/DebugMeshMaterial.uexp" 485
"../../../Engine/Content/EngineDebugMaterials/DebugEditorMaterial.uasset" 486
"../../../Engine/Content/EngineDebugMaterials/DebugEditorMaterial.uexp" 487
"../../../Engine/Content/EngineDamageTypes/DmgTypeBP_Environmental.uasset" 488
"../../../Engine/Content/EngineDamageTypes/DmgTypeBP_Environmental.uexp" 489
"../../../Engine/Content/EditorResources/S_Terrain.ubulk" 490
"../../../Engine/Content/EditorResources/S_Terrain.uasset" 491
"../../../Engine/Content/EditorResources/S_Terrain.uexp" 492
"../../../Engine/Content/EditorResources/EmptyActor.uasset" 493
"../../../Engine/Content/EditorResources/EmptyActor.uexp" 494
"../../../Engine/Content/EditorResources/BSPVertex.uasset" 495
"../../../Engine/Content/EditorResources/BSPVertex.uexp" 496
"../../../Engine/Content/EditorMaterials/PreviewShadowIndicator.ubulk" 497
"../../../Engine/Content/EditorMaterials/PreviewShadowIndicator.uasset" 498
"../../../Engine/Content/EditorMaterials/PreviewShadowIndicator.uexp" 499
"../../../Engine/Content/EditorMaterials/PreviewShadowIndicatorMaterial.uasset" 500
"../../../Engine/Content/EditorMaterials/PreviewShadowIndicatorMaterial.uexp" 501
"../../../Engine/Content/EditorMaterials/PhAT_UnselectedMaterial.uasset" 502
"../../../Engine/Content/EditorMaterials/PhAT_UnselectedMaterial.uexp" 503
"../../../Engine/Content/EditorMaterials/PhAT_NoCollisionMaterial.uasset" 504
"../../../Engine/Content/EditorMaterials/PhAT_NoCollisionMaterial.uexp" 505
"../../../Engine/Content/EditorLandscapeResources/DefaultAlphaTexture.uasset" 506
"../../../Engine/Content/EditorLandscapeResources/DefaultAlphaTexture.uexp" 507
"../../../Engine/Content/EditorLandscapeResources/DataLayer.uasset" 508
"../../../Engine/Content/EditorLandscapeResources/DataLayer.uexp" 509
"../../../Engine/Content/EngineMaterials/DefaultMaterial.uasset" 510
"../../../Engine/Content/EngineMaterials/DefaultMaterial.uexp" 511
"../../../Engine/Content/BasicShapes/Sphere.ubulk" 512
"../../../Engine/Content/BasicShapes/Sphere.uasset" 513
"../../../Engine/Content/BasicShapes/Sphere.uexp" 514
"../../../Engine/Content/BasicShapes/Plane.ubulk" 515
"../../../Engine/Content/BasicShapes/Plane.uasset" 516
"../../../Engine/Content/BasicShapes/Plane.uexp" 517
"../../../Engine/Content/BasicShapes/Cylinder.ubulk" 518
"../../../Engine/Content/BasicShapes/Cylinder.uasset" 519
"../../../Engine/Content/BasicShapes/Cylinder.uexp" 520
"../../../Engine/Content/BasicShapes/Cone.ubulk" 521
"../../../Engine/Content/BasicShapes/Cone.uasset" 522
"../../../Engine/Content/BasicShapes/Cone.uexp" 523
"../../../Engine/Content/Animation/DefaultRecorderBoneCompression.uasset" 524
"../../../Engine/Content/Animation/DefaultRecorderBoneCompression.uexp" 525
"../../../Engine/Content/Animation/DefaultAnimCurveCompressionSettings.uasset" 526
"../../../Engine/Content/Animation/DefaultAnimCurveCompressionSettings.uexp" 527
"../../../Engine/Content/Animation/DefaultAnimBoneCompressionSettings.uasset" 528
"../../../Engine/Content/Animation/DefaultAnimBoneCompressionSettings.uexp" 529
"../../../Engine/Content/MobileResources/HUD/VirtualJoystick_Background.uasset" 530
"../../../Engine/Content/MobileResources/HUD/VirtualJoystick_Background.uexp" 531
"../../../Engine/Content/MobileResources/HUD/VirtualJoystick_Thumb.uasset" 532
"../../../Engine/Content/MobileResources/HUD/VirtualJoystick_Thumb.uexp" 533
"../../../Engine/Content/MobileResources/HUD/DefaultVirtualJoysticks.uasset" 534
"../../../Engine/Content/MobileResources/HUD/DefaultVirtualJoysticks.uexp" 535
"../../../Engine/Content/EngineSky/VolumetricClouds/CloudWeatherTexture.uasset" 536
"../../../Engine/Content/EngineSky/VolumetricClouds/CloudWeatherTexture.uexp" 537
"../../../Engine/Content/Functions/Engine_MaterialFunctions02/Utility/MakeFloat2.uasset" 538
"../../../Engine/Content/Functions/Engine_MaterialFunctions02/Utility/MakeFloat2.uexp" 539
"../../../Engine/Content/EngineSky/VolumetricClouds/CloudGradientTexture.uasset" 540
"../../../Engine/Content/EngineSky/VolumetricClouds/CloudGradientTexture.uexp" 541
"../../../Engine/Content/EngineSky/VolumetricClouds/T_NoiseShape64.ubulk" 542
"../../../Engine/Content/EngineSky/VolumetricClouds/T_NoiseShape64.uasset" 543
"../../../Engine/Content/EngineSky/VolumetricClouds/T_NoiseShape64.uexp" 544
"../../../Engine/Content/EngineSky/VolumetricClouds/T_VolumeNoiseShape64.uasset" 545
"../../../Engine/Content/EngineSky/VolumetricClouds/T_VolumeNoiseShape64.uexp" 546
"../../../Engine/Content/EngineSky/VolumetricClouds/T_NoiseErosion.ubulk" 547
"../../../Engine/Content/EngineSky/VolumetricClouds/T_NoiseErosion.uasset" 548
"../../../Engine/Content/EngineSky/VolumetricClouds/T_NoiseErosion.uexp" 549
"../../../Engine/Content/EngineSky/VolumetricClouds/T_VolumeNoiseErosion32.uasset" 550
"../../../Engine/Content/EngineSky/VolumetricClouds/T_VolumeNoiseErosion32.uexp" 551
"../../../Engine/Content/EngineSky/VolumetricClouds/m_SimpleVolumetricCloud.uasset" 552
"../../../Engine/Content/EngineSky/VolumetricClouds/m_SimpleVolumetricCloud.uexp" 553
"../../../Engine/Content/EngineSky/VolumetricClouds/m_SimpleVolumetricCloud_Inst.uasset" 554
"../../../Engine/Content/EngineSky/VolumetricClouds/m_SimpleVolumetricCloud_Inst.uexp" 555
"../../../Engine/Content/EngineResources/FilmGrains/Marcie_Grain_v3_128_M2_000.uasset" 556
"../../../Engine/Content/EngineResources/FilmGrains/Marcie_Grain_v3_128_M2_000.uexp" 557
"../../../Engine/Content/EditorResources/SequenceRecorder/RecordingIndicator.uasset" 558
"../../../Engine/Content/EditorResources/SequenceRecorder/RecordingIndicator.uexp" 559
"../../../Engine/Content/EditorResources/SequenceRecorder/Countdown.uasset" 560
"../../../Engine/Content/EditorResources/SequenceRecorder/Countdown.uexp" 561
"../../../Engine/Content/EditorResources/LightIcons/S_LightError.uasset" 562
"../../../Engine/Content/EditorResources/LightIcons/S_LightError.uexp" 563
"C:/Users/Stanl/Projects/Game Projects/UE Projects/School Projects/GP DIG4715C/Gehenna/Content/__GroupContent/Art/Materials/M_Master.uasset" 564
"C:/Users/Stanl/Projects/Game Projects/UE Projects/School Projects/GP DIG4715C/Gehenna/Content/__GroupContent/Art/Materials/M_Master.uexp" 565
"../../../Engine/Content/Functions/Engine_MaterialFunctions01/Shading/PowerToRoughness.uasset" 566
"../../../Engine/Content/Functions/Engine_MaterialFunctions01/Shading/PowerToRoughness.uexp" 567
"../../../Engine/Content/Functions/Engine_MaterialFunctions01/Shading/ConvertFromDiffSpec.uasset" 568
"../../../Engine/Content/Functions/Engine_MaterialFunctions01/Shading/ConvertFromDiffSpec.uexp" 569
"C:/Users/Stanl/Projects/Game Projects/UE Projects/School Projects/GP DIG4715C/Gehenna/Content/__GroupContent/Blueprints/Actors/NewBlueprint.uasset" 570
"C:/Users/Stanl/Projects/Game Projects/UE Projects/School Projects/GP DIG4715C/Gehenna/Content/__GroupContent/Blueprints/Actors/NewBlueprint.uexp" 571
"C:/Users/Stanl/Projects/Game Projects/UE Projects/School Projects/GP DIG4715C/Gehenna/Content/__GroupContent/Blueprints/Actors/Gabe_test.uasset" 572
"C:/Users/Stanl/Projects/Game Projects/UE Projects/School Projects/GP DIG4715C/Gehenna/Content/__GroupContent/Blueprints/Actors/Gabe_test.uexp" 573
"C:/Users/Stanl/Projects/Game Projects/UE Projects/School Projects/GP DIG4715C/Gehenna/Content/__GroupContent/Art/Meshes/M_Corridor.uasset" 574
"C:/Users/Stanl/Projects/Game Projects/UE Projects/School Projects/GP DIG4715C/Gehenna/Content/__GroupContent/Art/Meshes/M_Corridor.uexp" 575
"C:/Users/Stanl/Projects/Game Projects/UE Projects/School Projects/GP DIG4715C/Gehenna/Content/__GroupContent/Art/Meshes/M_ControlRoom.uasset" 576
"C:/Users/Stanl/Projects/Game Projects/UE Projects/School Projects/GP DIG4715C/Gehenna/Content/__GroupContent/Art/Meshes/M_ControlRoom.uexp" 577
"C:/Users/Stanl/Projects/Game Projects/UE Projects/School Projects/GP DIG4715C/Gehenna/Content/__GroupContent/Art/Meshes/M_Reactor.uasset" 578
"C:/Users/Stanl/Projects/Game Projects/UE Projects/School Projects/GP DIG4715C/Gehenna/Content/__GroupContent/Art/Meshes/M_Reactor.uexp" 579
"C:/Users/Stanl/Projects/Game Projects/UE Projects/School Projects/GP DIG4715C/Gehenna/Content/__GroupContent/Art/Meshes/SM_BSPDemo.ubulk" 580
"C:/Users/Stanl/Projects/Game Projects/UE Projects/School Projects/GP DIG4715C/Gehenna/Content/__GroupContent/Art/Meshes/SM_BSPDemo.uasset" 581
"C:/Users/Stanl/Projects/Game Projects/UE Projects/School Projects/GP DIG4715C/Gehenna/Content/__GroupContent/Art/Meshes/SM_BSPDemo.uexp" 582
"C:/Users/Stanl/Projects/Game Projects/UE Projects/School Projects/GP DIG4715C/Gehenna/Content/__GroupContent/Blueprints/Actors/BP_Demo3.uasset" 583
"C:/Users/Stanl/Projects/Game Projects/UE Projects/School Projects/GP DIG4715C/Gehenna/Content/__GroupContent/Blueprints/Actors/BP_Demo3.uexp" 584
"C:/Users/Stanl/Projects/Game Projects/UE Projects/School Projects/GP DIG4715C/Gehenna/Content/__GroupContent/Blueprints/Actors/BP_Demo.uasset" 585
"C:/Users/Stanl/Projects/Game Projects/UE Projects/School Projects/GP DIG4715C/Gehenna/Content/__GroupContent/Blueprints/Actors/BP_Demo.uexp" 586
"C:/Users/Stanl/Projects/Game Projects/UE Projects/School Projects/GP DIG4715C/Gehenna/Content/__GroupContent/Art/Textures/UE.uasset" 587
"C:/Users/Stanl/Projects/Game Projects/UE Projects/School Projects/GP DIG4715C/Gehenna/Content/__GroupContent/Art/Textures/UE.uexp" 588
"C:/Users/Stanl/Projects/Game Projects/UE Projects/School Projects/GP DIG4715C/Gehenna/Content/__GroupContent/VisualsArt/Matvey_Test/Models/SM_AWall_01.ubulk" 589
"C:/Users/Stanl/Projects/Game Projects/UE Projects/School Projects/GP DIG4715C/Gehenna/Content/__GroupContent/VisualsArt/Matvey_Test/Models/SM_AWall_01.uasset" 590
"C:/Users/Stanl/Projects/Game Projects/UE Projects/School Projects/GP DIG4715C/Gehenna/Content/__GroupContent/VisualsArt/Matvey_Test/Models/SM_AWall_01.uexp" 591
"C:/Users/Stanl/Projects/Game Projects/UE Projects/School Projects/GP DIG4715C/Gehenna/Content/__GroupContent/VisualsArt/Matvey_Test/Models/M_Reactor.uasset" 592
"C:/Users/Stanl/Projects/Game Projects/UE Projects/School Projects/GP DIG4715C/Gehenna/Content/__GroupContent/VisualsArt/Matvey_Test/Models/M_Reactor.uexp" 593
"C:/Users/Stanl/Projects/Game Projects/UE Projects/School Projects/GP DIG4715C/Gehenna/Content/__GroupContent/VisualsArt/Matvey_Test/Models/SM_AFloor_01.ubulk" 594
"C:/Users/Stanl/Projects/Game Projects/UE Projects/School Projects/GP DIG4715C/Gehenna/Content/__GroupContent/VisualsArt/Matvey_Test/Models/SM_AFloor_01.uasset" 595
"C:/Users/Stanl/Projects/Game Projects/UE Projects/School Projects/GP DIG4715C/Gehenna/Content/__GroupContent/VisualsArt/Matvey_Test/Models/SM_AFloor_01.uexp" 596
"C:/Users/Stanl/Projects/Game Projects/UE Projects/School Projects/GP DIG4715C/Gehenna/Content/__GroupContent/VisualsArt/Matvey_Test/Models/M_Corridor.uasset" 597
"C:/Users/Stanl/Projects/Game Projects/UE Projects/School Projects/GP DIG4715C/Gehenna/Content/__GroupContent/VisualsArt/Matvey_Test/Models/M_Corridor.uexp" 598
"C:/Users/Stanl/Projects/Game Projects/UE Projects/School Projects/GP DIG4715C/Gehenna/Content/__GroupContent/VisualsArt/Matvey_Test/Models/M_ControlRoom.uasset" 599
"C:/Users/Stanl/Projects/Game Projects/UE Projects/School Projects/GP DIG4715C/Gehenna/Content/__GroupContent/VisualsArt/Matvey_Test/Models/M_ControlRoom.uexp" 600
"C:/Users/Stanl/Projects/Game Projects/UE Projects/School Projects/GP DIG4715C/Gehenna/Content/JavonTest_HLOD0_Instancing.uasset" 601
"C:/Users/Stanl/Projects/Game Projects/UE Projects/School Projects/GP DIG4715C/Gehenna/Content/JavonTest_HLOD0_Instancing.uexp" 602
"C:/Users/Stanl/Projects/Game Projects/UE Projects/School Projects/GP DIG4715C/Gehenna/Content/JavonTest.uexp" 603
"C:/Users/Stanl/Projects/Game Projects/UE Projects/School Projects/GP DIG4715C/Gehenna/Content/JavonTest.umap" 604
"../../../Engine/Content/Maps/Entry_BuiltData.uasset" 605
"../../../Engine/Content/Maps/Entry_BuiltData.uexp" 606
"../../../Engine/Content/Maps/Entry.uexp" 607
"../../../Engine/Content/Maps/Entry.umap" 608
"C:/Users/Stanl/Projects/Game Projects/UE Projects/School Projects/GP DIG4715C/Gehenna/Content/__GroupContent/Levels/Main_Menu.uexp" 609
"C:/Users/Stanl/Projects/Game Projects/UE Projects/School Projects/GP DIG4715C/Gehenna/Content/__GroupContent/Levels/Main_Menu.umap" 610
"../../../Engine/Content/BasicShapes/Cube.ubulk" 611
"../../../Engine/Content/BasicShapes/Cube.uasset" 612
"../../../Engine/Content/BasicShapes/Cube.uexp" 613
"C:/Users/Stanl/Projects/Game Projects/UE Projects/School Projects/GP DIG4715C/Gehenna/Content/__GroupContent/Inputs/Actions/IA_Crouch.uasset" 614
"C:/Users/Stanl/Projects/Game Projects/UE Projects/School Projects/GP DIG4715C/Gehenna/Content/__GroupContent/Inputs/Actions/IA_Crouch.uexp" 615
"C:/Users/Stanl/Projects/Game Projects/UE Projects/School Projects/GP DIG4715C/Gehenna/Content/__GroupContent/Inputs/Actions/IA_Look.uasset" 616
"C:/Users/Stanl/Projects/Game Projects/UE Projects/School Projects/GP DIG4715C/Gehenna/Content/__GroupContent/Inputs/Actions/IA_Look.uexp" 617
"C:/Users/Stanl/Projects/Game Projects/UE Projects/School Projects/GP DIG4715C/Gehenna/Content/__GroupContent/Inputs/Actions/IA_Move.uasset" 618
"C:/Users/Stanl/Projects/Game Projects/UE Projects/School Projects/GP DIG4715C/Gehenna/Content/__GroupContent/Inputs/Actions/IA_Move.uexp" 619
"C:/Users/Stanl/Projects/Game Projects/UE Projects/School Projects/GP DIG4715C/Gehenna/Content/__GroupContent/Inputs/Actions/IA_Jump.uasset" 620
"C:/Users/Stanl/Projects/Game Projects/UE Projects/School Projects/GP DIG4715C/Gehenna/Content/__GroupContent/Inputs/Actions/IA_Jump.uexp" 621
"C:/Users/Stanl/Projects/Game Projects/UE Projects/School Projects/GP DIG4715C/Gehenna/Content/__GroupContent/Inputs/IMC_Default.uasset" 622
"C:/Users/Stanl/Projects/Game Projects/UE Projects/School Projects/GP DIG4715C/Gehenna/Content/__GroupContent/Inputs/IMC_Default.uexp" 623
"../../../Engine/Content/EditorBlueprintResources/StandardMacros.uasset" 624
"../../../Engine/Content/EditorBlueprintResources/StandardMacros.uexp" 625
"C:/Users/Stanl/Projects/Game Projects/UE Projects/School Projects/GP DIG4715C/Gehenna/Content/__GroupContent/Blueprints/Characters/Player/player.uasset" 626
"C:/Users/Stanl/Projects/Game Projects/UE Projects/School Projects/GP DIG4715C/Gehenna/Content/__GroupContent/Blueprints/Characters/Player/player.uexp" 627
"C:/Users/Stanl/Projects/Game Projects/UE Projects/School Projects/GP DIG4715C/Gehenna/Content/__GroupContent/Blueprints/GameModes/GM_Default.uasset" 628
"C:/Users/Stanl/Projects/Game Projects/UE Projects/School Projects/GP DIG4715C/Gehenna/Content/__GroupContent/Blueprints/GameModes/GM_Default.uexp" 629
"../../../Engine/Content/BasicShapes/BasicShapeMaterial.uasset" 630
"../../../Engine/Content/BasicShapes/BasicShapeMaterial.uexp" 631
"C:/Users/Stanl/Projects/Game Projects/UE Projects/School Projects/GP DIG4715C/Gehenna/Content/__GroupContent/Levels/L_Lvl1.uexp" 632
"C:/Users/Stanl/Projects/Game Projects/UE Projects/School Projects/GP DIG4715C/Gehenna/Content/__GroupContent/Levels/L_Lvl1.umap" 633
"C:/Users/Stanl/Projects/Game Projects/UE Projects/School Projects/GP DIG4715C/Gehenna/Content/__GroupContent/Art/Meshes/M_Computer2.uasset" 634
"C:/Users/Stanl/Projects/Game Projects/UE Projects/School Projects/GP DIG4715C/Gehenna/Content/__GroupContent/Art/Meshes/M_Computer2.uexp" 635
"../../../Engine/Content/EngineMaterials/BlendFunc_DefBlend.uasset" 636
"../../../Engine/Content/EngineMaterials/BlendFunc_DefBlend.uexp" 637
"../../../Engine/Content/EngineMaterials/BlendFunc_DefBase.uasset" 638
"../../../Engine/Content/EngineMaterials/BlendFunc_DefBase.uexp" 639
"../../../Engine/Content/Functions/Engine_MaterialFunctions03/Blends/Blend_Overlay.uasset" 640
"../../../Engine/Content/Functions/Engine_MaterialFunctions03/Blends/Blend_Overlay.uexp" 641
"../../../Engine/Content/OpenWorldTemplate/LandscapeMaterial/T_GridChecker_A.ubulk" 642
"../../../Engine/Content/OpenWorldTemplate/LandscapeMaterial/T_GridChecker_A.uasset" 643
"../../../Engine/Content/OpenWorldTemplate/LandscapeMaterial/T_GridChecker_A.uexp" 644
"../../../Engine/Content/Functions/Engine_MaterialFunctions02/Utility/MakeFloat3.uasset" 645
"../../../Engine/Content/Functions/Engine_MaterialFunctions02/Utility/MakeFloat3.uexp" 646
"../../../Engine/Content/Functions/Engine_MaterialFunctions01/Gradient/LinearGradient.uasset" 647
"../../../Engine/Content/Functions/Engine_MaterialFunctions01/Gradient/LinearGradient.uexp" 648
"../../../Engine/Content/Functions/Engine_MaterialFunctions01/ImageAdjustment/CheapContrast.uasset" 649
"../../../Engine/Content/Functions/Engine_MaterialFunctions01/ImageAdjustment/CheapContrast.uexp" 650
"../../../Engine/Content/OpenWorldTemplate/LandscapeMaterial/MF_ProcGrid.uasset" 651
"../../../Engine/Content/OpenWorldTemplate/LandscapeMaterial/MF_ProcGrid.uexp" 652
"../../../Engine/Content/OpenWorldTemplate/LandscapeMaterial/M_ProcGrid.uasset" 653
"../../../Engine/Content/OpenWorldTemplate/LandscapeMaterial/M_ProcGrid.uexp" 654
"../../../Engine/Content/OpenWorldTemplate/LandscapeMaterial/MI_ProcGrid.uasset" 655
"../../../Engine/Content/OpenWorldTemplate/LandscapeMaterial/MI_ProcGrid.uexp" 656
"C:/Users/Stanl/Projects/Game Projects/UE Projects/School Projects/GP DIG4715C/Gehenna/Content/__GroupContent/Art/Meshes/SM_ControlCom_02.ubulk" 657
"C:/Users/Stanl/Projects/Game Projects/UE Projects/School Projects/GP DIG4715C/Gehenna/Content/__GroupContent/Art/Meshes/SM_ControlCom_02.uasset" 658
"C:/Users/Stanl/Projects/Game Projects/UE Projects/School Projects/GP DIG4715C/Gehenna/Content/__GroupContent/Art/Meshes/SM_ControlCom_02.uexp" 659
"C:/Users/Stanl/Projects/Game Projects/UE Projects/School Projects/GP DIG4715C/Gehenna/Content/__GroupContent/Art/Meshes/SM_AWall_01.ubulk" 660
"C:/Users/Stanl/Projects/Game Projects/UE Projects/School Projects/GP DIG4715C/Gehenna/Content/__GroupContent/Art/Meshes/SM_AWall_01.uasset" 661
"C:/Users/Stanl/Projects/Game Projects/UE Projects/School Projects/GP DIG4715C/Gehenna/Content/__GroupContent/Art/Meshes/SM_AWall_01.uexp" 662
"../../../Engine/Content/EngineSky/T_Sky_Stars.ubulk" 663
"../../../Engine/Content/EngineSky/T_Sky_Stars.uasset" 664
"../../../Engine/Content/EngineSky/T_Sky_Stars.uexp" 665
"../../../Engine/Content/EngineSky/T_Sky_Clouds_M.ubulk" 666
"../../../Engine/Content/EngineSky/T_Sky_Clouds_M.uasset" 667
"../../../Engine/Content/EngineSky/T_Sky_Clouds_M.uexp" 668
"../../../Engine/Content/EngineSky/T_Sky_Blue.ubulk" 669
"../../../Engine/Content/EngineSky/T_Sky_Blue.uasset" 670
"../../../Engine/Content/EngineSky/T_Sky_Blue.uexp" 671
"../../../Engine/Content/EngineSky/M_Sky_Panning_Clouds2.uasset" 672
"../../../Engine/Content/EngineSky/M_Sky_Panning_Clouds2.uexp" 673
"../../../Engine/Content/EngineSky/SM_SkySphere.ubulk" 674
"../../../Engine/Content/EngineSky/SM_SkySphere.uasset" 675
"../../../Engine/Content/EngineSky/SM_SkySphere.uexp" 676
"C:/Users/Stanl/Projects/Game Projects/UE Projects/School Projects/GP DIG4715C/Gehenna/Content/__GroupContent/Art/Meshes/SM_ACorner_01.ubulk" 677
"C:/Users/Stanl/Projects/Game Projects/UE Projects/School Projects/GP DIG4715C/Gehenna/Content/__GroupContent/Art/Meshes/SM_ACorner_01.uasset" 678
"C:/Users/Stanl/Projects/Game Projects/UE Projects/School Projects/GP DIG4715C/Gehenna/Content/__GroupContent/Art/Meshes/SM_ACorner_01.uexp" 679
"../../../Engine/Content/MapTemplates/SM_Template_Map_Floor.ubulk" 680
"../../../Engine/Content/MapTemplates/SM_Template_Map_Floor.uasset" 681
"../../../Engine/Content/MapTemplates/SM_Template_Map_Floor.uexp" 682
"C:/Users/Stanl/Projects/Game Projects/UE Projects/School Projects/GP DIG4715C/Gehenna/Content/__GroupContent/Art/Meshes/SM_ControlCom_01.ubulk" 683
"C:/Users/Stanl/Projects/Game Projects/UE Projects/School Projects/GP DIG4715C/Gehenna/Content/__GroupContent/Art/Meshes/SM_ControlCom_01.uasset" 684
"C:/Users/Stanl/Projects/Game Projects/UE Projects/School Projects/GP DIG4715C/Gehenna/Content/__GroupContent/Art/Meshes/SM_ControlCom_01.uexp" 685
"C:/Users/Stanl/Projects/Game Projects/UE Projects/School Projects/GP DIG4715C/Gehenna/Content/__GroupContent/Art/Meshes/SM_ControlCom_03.ubulk" 686
"C:/Users/Stanl/Projects/Game Projects/UE Projects/School Projects/GP DIG4715C/Gehenna/Content/__GroupContent/Art/Meshes/SM_ControlCom_03.uasset" 687
"C:/Users/Stanl/Projects/Game Projects/UE Projects/School Projects/GP DIG4715C/Gehenna/Content/__GroupContent/Art/Meshes/SM_ControlCom_03.uexp" 688
"../../../Engine/Content/Tutorial/SubEditors/TutorialAssets/Character/TutorialTPP_Skeleton.uasset" 689
"../../../Engine/Content/Tutorial/SubEditors/TutorialAssets/Character/TutorialTPP_Skeleton.uexp" 690
"../../../Engine/Content/Tutorial/SubEditors/TutorialAssets/Character/TutorialTPP_Mat.uasset" 691
"../../../Engine/Content/Tutorial/SubEditors/TutorialAssets/Character/TutorialTPP_Mat.uexp" 692
"../../../Engine/Content/Tutorial/SubEditors/TutorialAssets/Character/TutorialTPP_PhysicsAsset.uasset" 693
"../../../Engine/Content/Tutorial/SubEditors/TutorialAssets/Character/TutorialTPP_PhysicsAsset.uexp" 694
"../../../Engine/Content/Tutorial/SubEditors/TutorialAssets/Character/TutorialTPP.uasset" 695
"../../../Engine/Content/Tutorial/SubEditors/TutorialAssets/Character/TutorialTPP.uexp" 696
"C:/Users/Stanl/Projects/Game Projects/UE Projects/School Projects/GP DIG4715C/Gehenna/Content/__GroupContent/Blueprints/Characters/AI/BB_NPC.uasset" 697
"C:/Users/Stanl/Projects/Game Projects/UE Projects/School Projects/GP DIG4715C/Gehenna/Content/__GroupContent/Blueprints/Characters/AI/BB_NPC.uexp" 698
"C:/Users/Stanl/Projects/Game Projects/UE Projects/School Projects/GP DIG4715C/Gehenna/Content/__GroupContent/Blueprints/Characters/AI/BTTask_BMoveToRandLoc.uasset" 699
"C:/Users/Stanl/Projects/Game Projects/UE Projects/School Projects/GP DIG4715C/Gehenna/Content/__GroupContent/Blueprints/Characters/AI/BTTask_BMoveToRandLoc.uexp" 700
"C:/Users/Stanl/Projects/Game Projects/UE Projects/School Projects/GP DIG4715C/Gehenna/Content/__GroupContent/Blueprints/Characters/AI/BT_NPC.uasset" 701
"C:/Users/Stanl/Projects/Game Projects/UE Projects/School Projects/GP DIG4715C/Gehenna/Content/__GroupContent/Blueprints/Characters/AI/BT_NPC.uexp" 702
"C:/Users/Stanl/Projects/Game Projects/UE Projects/School Projects/GP DIG4715C/Gehenna/Content/__GroupContent/Blueprints/Characters/AI/BP_AI_NPC_Controller.uasset" 703
"C:/Users/Stanl/Projects/Game Projects/UE Projects/School Projects/GP DIG4715C/Gehenna/Content/__GroupContent/Blueprints/Characters/AI/BP_AI_NPC_Controller.uexp" 704
"C:/Users/Stanl/Projects/Game Projects/UE Projects/School Projects/GP DIG4715C/Gehenna/Content/__GroupContent/Blueprints/Characters/AI/BP_NPC.uasset" 705
"C:/Users/Stanl/Projects/Game Projects/UE Projects/School Projects/GP DIG4715C/Gehenna/Content/__GroupContent/Blueprints/Characters/AI/BP_NPC.uexp" 706
"C:/Users/Stanl/Projects/Game Projects/UE Projects/School Projects/GP DIG4715C/Gehenna/Content/__GroupContent/Art/Meshes/SM_AWall_02.ubulk" 707
"C:/Users/Stanl/Projects/Game Projects/UE Projects/School Projects/GP DIG4715C/Gehenna/Content/__GroupContent/Art/Meshes/SM_AWall_02.uasset" 708
"C:/Users/Stanl/Projects/Game Projects/UE Projects/School Projects/GP DIG4715C/Gehenna/Content/__GroupContent/Art/Meshes/SM_AWall_02.uexp" 709
"C:/Users/Stanl/Projects/Game Projects/UE Projects/School Projects/GP DIG4715C/Gehenna/Content/__GroupContent/Art/Meshes/M_Computer.uasset" 710
"C:/Users/Stanl/Projects/Game Projects/UE Projects/School Projects/GP DIG4715C/Gehenna/Content/__GroupContent/Art/Meshes/M_Computer.uexp" 711
"C:/Users/Stanl/Projects/Game Projects/UE Projects/School Projects/GP DIG4715C/Gehenna/Content/__GroupContent/Art/Meshes/SM_AFloor_01.ubulk" 712
"C:/Users/Stanl/Projects/Game Projects/UE Projects/School Projects/GP DIG4715C/Gehenna/Content/__GroupContent/Art/Meshes/SM_AFloor_01.uasset" 713
"C:/Users/Stanl/Projects/Game Projects/UE Projects/School Projects/GP DIG4715C/Gehenna/Content/__GroupContent/Art/Meshes/SM_AFloor_01.uexp" 714
"C:/Users/Stanl/Projects/Game Projects/UE Projects/School Projects/GP DIG4715C/Gehenna/Content/__GroupContent/Art/Meshes/SM_ACorner_02.ubulk" 715
"C:/Users/Stanl/Projects/Game Projects/UE Projects/School Projects/GP DIG4715C/Gehenna/Content/__GroupContent/Art/Meshes/SM_ACorner_02.uasset" 716
"C:/Users/Stanl/Projects/Game Projects/UE Projects/School Projects/GP DIG4715C/Gehenna/Content/__GroupContent/Art/Meshes/SM_ACorner_02.uexp" 717
"C:/Users/Stanl/Projects/Game Projects/UE Projects/School Projects/GP DIG4715C/Gehenna/Content/__GroupContent/Levels/Level_Greybox_BuiltData.ubulk" 718
"C:/Users/Stanl/Projects/Game Projects/UE Projects/School Projects/GP DIG4715C/Gehenna/Content/__GroupContent/Levels/Level_Greybox_BuiltData.uasset" 719
"C:/Users/Stanl/Projects/Game Projects/UE Projects/School Projects/GP DIG4715C/Gehenna/Content/__GroupContent/Levels/Level_Greybox_BuiltData.uexp" 720
"C:/Users/Stanl/Projects/Game Projects/UE Projects/School Projects/GP DIG4715C/Gehenna/Content/__GroupContent/Levels/Level_Greybox.uexp" 721
"C:/Users/Stanl/Projects/Game Projects/UE Projects/School Projects/GP DIG4715C/Gehenna/Content/__GroupContent/Levels/Level_Greybox.umap" 722
"C:/Users/Stanl/Projects/Game Projects/UE Projects/School Projects/GP DIG4715C/Gehenna/Content/JavonTest/_Generated_/JavonTest_MainGrid_L0_X-1_Y-3.uexp" 723
"C:/Users/Stanl/Projects/Game Projects/UE Projects/School Projects/GP DIG4715C/Gehenna/Content/JavonTest/_Generated_/JavonTest_MainGrid_L0_X-1_Y-3.ubulk" 724
"C:/Users/Stanl/Projects/Game Projects/UE Projects/School Projects/GP DIG4715C/Gehenna/Content/JavonTest/_Generated_/JavonTest_MainGrid_L0_X-1_Y-3.umap" 725
"C:/Users/Stanl/Projects/Game Projects/UE Projects/School Projects/GP DIG4715C/Gehenna/Content/JavonTest/_Generated_/JavonTest_MainGrid_L0_X3_Y-1.uexp" 726
"C:/Users/Stanl/Projects/Game Projects/UE Projects/School Projects/GP DIG4715C/Gehenna/Content/JavonTest/_Generated_/JavonTest_MainGrid_L0_X3_Y-1.ubulk" 727
"C:/Users/Stanl/Projects/Game Projects/UE Projects/School Projects/GP DIG4715C/Gehenna/Content/JavonTest/_Generated_/JavonTest_MainGrid_L0_X3_Y-1.umap" 728
"C:/Users/Stanl/Projects/Game Projects/UE Projects/School Projects/GP DIG4715C/Gehenna/Content/JavonTest/_Generated_/JavonTest_MainGrid_L0_X0_Y3.uexp" 729
"C:/Users/Stanl/Projects/Game Projects/UE Projects/School Projects/GP DIG4715C/Gehenna/Content/JavonTest/_Generated_/JavonTest_MainGrid_L0_X0_Y3.ubulk" 730
"C:/Users/Stanl/Projects/Game Projects/UE Projects/School Projects/GP DIG4715C/Gehenna/Content/JavonTest/_Generated_/JavonTest_MainGrid_L0_X0_Y3.umap" 731
"C:/Users/Stanl/Projects/Game Projects/UE Projects/School Projects/GP DIG4715C/Gehenna/Content/JavonTest/_Generated_/JavonTest_MainGrid_L0_X0_Y-3.uexp" 732
"C:/Users/Stanl/Projects/Game Projects/UE Projects/School Projects/GP DIG4715C/Gehenna/Content/JavonTest/_Generated_/JavonTest_MainGrid_L0_X0_Y-3.ubulk" 733
"C:/Users/Stanl/Projects/Game Projects/UE Projects/School Projects/GP DIG4715C/Gehenna/Content/JavonTest/_Generated_/JavonTest_MainGrid_L0_X0_Y-3.umap" 734
"C:/Users/Stanl/Projects/Game Projects/UE Projects/School Projects/GP DIG4715C/Gehenna/Content/JavonTest/_Generated_/JavonTest_MainGrid_L0_X2_Y3.uexp" 735
"C:/Users/Stanl/Projects/Game Projects/UE Projects/School Projects/GP DIG4715C/Gehenna/Content/JavonTest/_Generated_/JavonTest_MainGrid_L0_X2_Y3.ubulk" 736
"C:/Users/Stanl/Projects/Game Projects/UE Projects/School Projects/GP DIG4715C/Gehenna/Content/JavonTest/_Generated_/JavonTest_MainGrid_L0_X2_Y3.umap" 737
"C:/Users/Stanl/Projects/Game Projects/UE Projects/School Projects/GP DIG4715C/Gehenna/Content/JavonTest/_Generated_/JavonTest_MainGrid_L0_X2_Y0.uexp" 738
"C:/Users/Stanl/Projects/Game Projects/UE Projects/School Projects/GP DIG4715C/Gehenna/Content/JavonTest/_Generated_/JavonTest_MainGrid_L0_X2_Y0.ubulk" 739
"C:/Users/Stanl/Projects/Game Projects/UE Projects/School Projects/GP DIG4715C/Gehenna/Content/JavonTest/_Generated_/JavonTest_MainGrid_L0_X2_Y0.umap" 740
"C:/Users/Stanl/Projects/Game Projects/UE Projects/School Projects/GP DIG4715C/Gehenna/Content/JavonTest/_Generated_/JavonTest_MainGrid_L0_X2_Y-2.uexp" 741
"C:/Users/Stanl/Projects/Game Projects/UE Projects/School Projects/GP DIG4715C/Gehenna/Content/JavonTest/_Generated_/JavonTest_MainGrid_L0_X2_Y-2.ubulk" 742
"C:/Users/Stanl/Projects/Game Projects/UE Projects/School Projects/GP DIG4715C/Gehenna/Content/JavonTest/_Generated_/JavonTest_MainGrid_L0_X2_Y-2.umap" 743
"C:/Users/Stanl/Projects/Game Projects/UE Projects/School Projects/GP DIG4715C/Gehenna/Content/JavonTest/_Generated_/JavonTest_MainGrid_L0_X1_Y-3.uexp" 744
"C:/Users/Stanl/Projects/Game Projects/UE Projects/School Projects/GP DIG4715C/Gehenna/Content/JavonTest/_Generated_/JavonTest_MainGrid_L0_X1_Y-3.ubulk" 745
"C:/Users/Stanl/Projects/Game Projects/UE Projects/School Projects/GP DIG4715C/Gehenna/Content/JavonTest/_Generated_/JavonTest_MainGrid_L0_X1_Y-3.umap" 746
"C:/Users/Stanl/Projects/Game Projects/UE Projects/School Projects/GP DIG4715C/Gehenna/Content/JavonTest/_Generated_/JavonTest_MainGrid_L0_X3_Y0.uexp" 747
"C:/Users/Stanl/Projects/Game Projects/UE Projects/School Projects/GP DIG4715C/Gehenna/Content/JavonTest/_Generated_/JavonTest_MainGrid_L0_X3_Y0.ubulk" 748
"C:/Users/Stanl/Projects/Game Projects/UE Projects/School Projects/GP DIG4715C/Gehenna/Content/JavonTest/_Generated_/JavonTest_MainGrid_L0_X3_Y0.umap" 749
"C:/Users/Stanl/Projects/Game Projects/UE Projects/School Projects/GP DIG4715C/Gehenna/Content/JavonTest/_Generated_/JavonTest_MainGrid_L0_X-4_Y-4.uexp" 750
"C:/Users/Stanl/Projects/Game Projects/UE Projects/School Projects/GP DIG4715C/Gehenna/Content/JavonTest/_Generated_/JavonTest_MainGrid_L0_X-4_Y-4.ubulk" 751
"C:/Users/Stanl/Projects/Game Projects/UE Projects/School Projects/GP DIG4715C/Gehenna/Content/JavonTest/_Generated_/JavonTest_MainGrid_L0_X-4_Y-4.umap" 752
"C:/Users/Stanl/Projects/Game Projects/UE Projects/School Projects/GP DIG4715C/Gehenna/Content/JavonTest/_Generated_/JavonTest_MainGrid_L0_X-1_Y3.uexp" 753
"C:/Users/Stanl/Projects/Game Projects/UE Projects/School Projects/GP DIG4715C/Gehenna/Content/JavonTest/_Generated_/JavonTest_MainGrid_L0_X-1_Y3.ubulk" 754
"C:/Users/Stanl/Projects/Game Projects/UE Projects/School Projects/GP DIG4715C/Gehenna/Content/JavonTest/_Generated_/JavonTest_MainGrid_L0_X-1_Y3.umap" 755
"C:/Users/Stanl/Projects/Game Projects/UE Projects/School Projects/GP DIG4715C/Gehenna/Content/JavonTest/_Generated_/JavonTest_MainGrid_L0_X-3_Y3.uexp" 756
"C:/Users/Stanl/Projects/Game Projects/UE Projects/School Projects/GP DIG4715C/Gehenna/Content/JavonTest/_Generated_/JavonTest_MainGrid_L0_X-3_Y3.ubulk" 757
"C:/Users/Stanl/Projects/Game Projects/UE Projects/School Projects/GP DIG4715C/Gehenna/Content/JavonTest/_Generated_/JavonTest_MainGrid_L0_X-3_Y3.umap" 758
"C:/Users/Stanl/Projects/Game Projects/UE Projects/School Projects/GP DIG4715C/Gehenna/Content/JavonTest/_Generated_/JavonTest_MainGrid_L0_X1_Y0.uexp" 759
"C:/Users/Stanl/Projects/Game Projects/UE Projects/School Projects/GP DIG4715C/Gehenna/Content/JavonTest/_Generated_/JavonTest_MainGrid_L0_X1_Y0.ubulk" 760
"C:/Users/Stanl/Projects/Game Projects/UE Projects/School Projects/GP DIG4715C/Gehenna/Content/JavonTest/_Generated_/JavonTest_MainGrid_L0_X1_Y0.umap" 761
"C:/Users/Stanl/Projects/Game Projects/UE Projects/School Projects/GP DIG4715C/Gehenna/Content/JavonTest/_Generated_/JavonTest_MainGrid_L0_X-3_Y2.uexp" 762
"C:/Users/Stanl/Projects/Game Projects/UE Projects/School Projects/GP DIG4715C/Gehenna/Content/JavonTest/_Generated_/JavonTest_MainGrid_L0_X-3_Y2.ubulk" 763
"C:/Users/Stanl/Projects/Game Projects/UE Projects/School Projects/GP DIG4715C/Gehenna/Content/JavonTest/_Generated_/JavonTest_MainGrid_L0_X-3_Y2.umap" 764
"C:/Users/Stanl/Projects/Game Projects/UE Projects/School Projects/GP DIG4715C/Gehenna/Content/JavonTest/_Generated_/JavonTest_MainGrid_L0_X-4_Y0.uexp" 765
"C:/Users/Stanl/Projects/Game Projects/UE Projects/School Projects/GP DIG4715C/Gehenna/Content/JavonTest/_Generated_/JavonTest_MainGrid_L0_X-4_Y0.ubulk" 766
"C:/Users/Stanl/Projects/Game Projects/UE Projects/School Projects/GP DIG4715C/Gehenna/Content/JavonTest/_Generated_/JavonTest_MainGrid_L0_X-4_Y0.umap" 767
"C:/Users/Stanl/Projects/Game Projects/UE Projects/School Projects/GP DIG4715C/Gehenna/Content/JavonTest/_Generated_/JavonTest_MainGrid_L0_X1_Y2.uexp" 768
"C:/Users/Stanl/Projects/Game Projects/UE Projects/School Projects/GP DIG4715C/Gehenna/Content/JavonTest/_Generated_/JavonTest_MainGrid_L0_X1_Y2.ubulk" 769
"C:/Users/Stanl/Projects/Game Projects/UE Projects/School Projects/GP DIG4715C/Gehenna/Content/JavonTest/_Generated_/JavonTest_MainGrid_L0_X1_Y2.umap" 770
"C:/Users/Stanl/Projects/Game Projects/UE Projects/School Projects/GP DIG4715C/Gehenna/Content/JavonTest/_Generated_/JavonTest_MainGrid_L0_X1_Y-2.uexp" 771
"C:/Users/Stanl/Projects/Game Projects/UE Projects/School Projects/GP DIG4715C/Gehenna/Content/JavonTest/_Generated_/JavonTest_MainGrid_L0_X1_Y-2.ubulk" 772
"C:/Users/Stanl/Projects/Game Projects/UE Projects/School Projects/GP DIG4715C/Gehenna/Content/JavonTest/_Generated_/JavonTest_MainGrid_L0_X1_Y-2.umap" 773
"C:/Users/Stanl/Projects/Game Projects/UE Projects/School Projects/GP DIG4715C/Gehenna/Content/JavonTest/_Generated_/JavonTest_MainGrid_L0_X3_Y3.uexp" 774
"C:/Users/Stanl/Projects/Game Projects/UE Projects/School Projects/GP DIG4715C/Gehenna/Content/JavonTest/_Generated_/JavonTest_MainGrid_L0_X3_Y3.ubulk" 775
"C:/Users/Stanl/Projects/Game Projects/UE Projects/School Projects/GP DIG4715C/Gehenna/Content/JavonTest/_Generated_/JavonTest_MainGrid_L0_X3_Y3.umap" 776
"C:/Users/Stanl/Projects/Game Projects/UE Projects/School Projects/GP DIG4715C/Gehenna/Content/JavonTest/_Generated_/JavonTest_MainGrid_L0_X3_Y-2.uexp" 777
"C:/Users/Stanl/Projects/Game Projects/UE Projects/School Projects/GP DIG4715C/Gehenna/Content/JavonTest/_Generated_/JavonTest_MainGrid_L0_X3_Y-2.ubulk" 778
"C:/Users/Stanl/Projects/Game Projects/UE Projects/School Projects/GP DIG4715C/Gehenna/Content/JavonTest/_Generated_/JavonTest_MainGrid_L0_X3_Y-2.umap" 779
"C:/Users/Stanl/Projects/Game Projects/UE Projects/School Projects/GP DIG4715C/Gehenna/Content/JavonTest/_Generated_/JavonTest_MainGrid_L0_X-4_Y2.uexp" 780
"C:/Users/Stanl/Projects/Game Projects/UE Projects/School Projects/GP DIG4715C/Gehenna/Content/JavonTest/_Generated_/JavonTest_MainGrid_L0_X-4_Y2.ubulk" 781
"C:/Users/Stanl/Projects/Game Projects/UE Projects/School Projects/GP DIG4715C/Gehenna/Content/JavonTest/_Generated_/JavonTest_MainGrid_L0_X-4_Y2.umap" 782
"C:/Users/Stanl/Projects/Game Projects/UE Projects/School Projects/GP DIG4715C/Gehenna/Content/JavonTest/_Generated_/JavonTest_MainGrid_L0_X2_Y-4.uexp" 783
"C:/Users/Stanl/Projects/Game Projects/UE Projects/School Projects/GP DIG4715C/Gehenna/Content/JavonTest/_Generated_/JavonTest_MainGrid_L0_X2_Y-4.ubulk" 784
"C:/Users/Stanl/Projects/Game Projects/UE Projects/School Projects/GP DIG4715C/Gehenna/Content/JavonTest/_Generated_/JavonTest_MainGrid_L0_X2_Y-4.umap" 785
"C:/Users/Stanl/Projects/Game Projects/UE Projects/School Projects/GP DIG4715C/Gehenna/Content/JavonTest/_Generated_/JavonTest_MainGrid_L0_X-1_Y-1.uexp" 786
"C:/Users/Stanl/Projects/Game Projects/UE Projects/School Projects/GP DIG4715C/Gehenna/Content/JavonTest/_Generated_/JavonTest_MainGrid_L0_X-1_Y-1.ubulk" 787
"C:/Users/Stanl/Projects/Game Projects/UE Projects/School Projects/GP DIG4715C/Gehenna/Content/JavonTest/_Generated_/JavonTest_MainGrid_L0_X-1_Y-1.umap" 788
"C:/Users/Stanl/Projects/Game Projects/UE Projects/School Projects/GP DIG4715C/Gehenna/Content/JavonTest/_Generated_/JavonTest_MainGrid_L0_X-3_Y0.uexp" 789
"C:/Users/Stanl/Projects/Game Projects/UE Projects/School Projects/GP DIG4715C/Gehenna/Content/JavonTest/_Generated_/JavonTest_MainGrid_L0_X-3_Y0.ubulk" 790
"C:/Users/Stanl/Projects/Game Projects/UE Projects/School Projects/GP DIG4715C/Gehenna/Content/JavonTest/_Generated_/JavonTest_MainGrid_L0_X-3_Y0.umap" 791
"C:/Users/Stanl/Projects/Game Projects/UE Projects/School Projects/GP DIG4715C/Gehenna/Content/JavonTest/_Generated_/JavonTest_MainGrid_L0_X-2_Y1.uexp" 792
"C:/Users/Stanl/Projects/Game Projects/UE Projects/School Projects/GP DIG4715C/Gehenna/Content/JavonTest/_Generated_/JavonTest_MainGrid_L0_X-2_Y1.ubulk" 793
"C:/Users/Stanl/Projects/Game Projects/UE Projects/School Projects/GP DIG4715C/Gehenna/Content/JavonTest/_Generated_/JavonTest_MainGrid_L0_X-2_Y1.umap" 794
"C:/Users/Stanl/Projects/Game Projects/UE Projects/School Projects/GP DIG4715C/Gehenna/Content/JavonTest/_Generated_/JavonTest_MainGrid_L0_X0_Y1.uexp" 795
"C:/Users/Stanl/Projects/Game Projects/UE Projects/School Projects/GP DIG4715C/Gehenna/Content/JavonTest/_Generated_/JavonTest_MainGrid_L0_X0_Y1.ubulk" 796
"C:/Users/Stanl/Projects/Game Projects/UE Projects/School Projects/GP DIG4715C/Gehenna/Content/JavonTest/_Generated_/JavonTest_MainGrid_L0_X0_Y1.umap" 797
"C:/Users/Stanl/Projects/Game Projects/UE Projects/School Projects/GP DIG4715C/Gehenna/Content/JavonTest/_Generated_/JavonTest_MainGrid_L0_X-2_Y3.uexp" 798
"C:/Users/Stanl/Projects/Game Projects/UE Projects/School Projects/GP DIG4715C/Gehenna/Content/JavonTest/_Generated_/JavonTest_MainGrid_L0_X-2_Y3.ubulk" 799
"C:/Users/Stanl/Projects/Game Projects/UE Projects/School Projects/GP DIG4715C/Gehenna/Content/JavonTest/_Generated_/JavonTest_MainGrid_L0_X-2_Y3.umap" 800
"C:/Users/Stanl/Projects/Game Projects/UE Projects/School Projects/GP DIG4715C/Gehenna/Content/JavonTest/_Generated_/JavonTest_MainGrid_L0_X-2_Y2.uexp" 801
"C:/Users/Stanl/Projects/Game Projects/UE Projects/School Projects/GP DIG4715C/Gehenna/Content/JavonTest/_Generated_/JavonTest_MainGrid_L0_X-2_Y2.ubulk" 802
"C:/Users/Stanl/Projects/Game Projects/UE Projects/School Projects/GP DIG4715C/Gehenna/Content/JavonTest/_Generated_/JavonTest_MainGrid_L0_X-2_Y2.umap" 803
"C:/Users/Stanl/Projects/Game Projects/UE Projects/School Projects/GP DIG4715C/Gehenna/Content/JavonTest/_Generated_/JavonTest_MainGrid_L0_X-3_Y1.uexp" 804
"C:/Users/Stanl/Projects/Game Projects/UE Projects/School Projects/GP DIG4715C/Gehenna/Content/JavonTest/_Generated_/JavonTest_MainGrid_L0_X-3_Y1.ubulk" 805
"C:/Users/Stanl/Projects/Game Projects/UE Projects/School Projects/GP DIG4715C/Gehenna/Content/JavonTest/_Generated_/JavonTest_MainGrid_L0_X-3_Y1.umap" 806
"C:/Users/Stanl/Projects/Game Projects/UE Projects/School Projects/GP DIG4715C/Gehenna/Content/JavonTest/_Generated_/JavonTest_MainGrid_L0_X-1_Y0.uexp" 807
"C:/Users/Stanl/Projects/Game Projects/UE Projects/School Projects/GP DIG4715C/Gehenna/Content/JavonTest/_Generated_/JavonTest_MainGrid_L0_X-1_Y0.ubulk" 808
"C:/Users/Stanl/Projects/Game Projects/UE Projects/School Projects/GP DIG4715C/Gehenna/Content/JavonTest/_Generated_/JavonTest_MainGrid_L0_X-1_Y0.umap" 809
"C:/Users/Stanl/Projects/Game Projects/UE Projects/School Projects/GP DIG4715C/Gehenna/Content/JavonTest/_Generated_/JavonTest_MainGrid_L0_X2_Y2.uexp" 810
"C:/Users/Stanl/Projects/Game Projects/UE Projects/School Projects/GP DIG4715C/Gehenna/Content/JavonTest/_Generated_/JavonTest_MainGrid_L0_X2_Y2.ubulk" 811
"C:/Users/Stanl/Projects/Game Projects/UE Projects/School Projects/GP DIG4715C/Gehenna/Content/JavonTest/_Generated_/JavonTest_MainGrid_L0_X2_Y2.umap" 812
"C:/Users/Stanl/Projects/Game Projects/UE Projects/School Projects/GP DIG4715C/Gehenna/Content/JavonTest/_Generated_/JavonTest_MainGrid_L0_X1_Y-1.uexp" 813
"C:/Users/Stanl/Projects/Game Projects/UE Projects/School Projects/GP DIG4715C/Gehenna/Content/JavonTest/_Generated_/JavonTest_MainGrid_L0_X1_Y-1.ubulk" 814
"C:/Users/Stanl/Projects/Game Projects/UE Projects/School Projects/GP DIG4715C/Gehenna/Content/JavonTest/_Generated_/JavonTest_MainGrid_L0_X1_Y-1.umap" 815
"C:/Users/Stanl/Projects/Game Projects/UE Projects/School Projects/GP DIG4715C/Gehenna/Content/JavonTest/_Generated_/JavonTest_MainGrid_L0_X-4_Y-3.uexp" 816
"C:/Users/Stanl/Projects/Game Projects/UE Projects/School Projects/GP DIG4715C/Gehenna/Content/JavonTest/_Generated_/JavonTest_MainGrid_L0_X-4_Y-3.ubulk" 817
"C:/Users/Stanl/Projects/Game Projects/UE Projects/School Projects/GP DIG4715C/Gehenna/Content/JavonTest/_Generated_/JavonTest_MainGrid_L0_X-4_Y-3.umap" 818
"C:/Users/Stanl/Projects/Game Projects/UE Projects/School Projects/GP DIG4715C/Gehenna/Content/JavonTest/_Generated_/JavonTest_MainGrid_L0_X-3_Y-1.uexp" 819
"C:/Users/Stanl/Projects/Game Projects/UE Projects/School Projects/GP DIG4715C/Gehenna/Content/JavonTest/_Generated_/JavonTest_MainGrid_L0_X-3_Y-1.ubulk" 820
"C:/Users/Stanl/Projects/Game Projects/UE Projects/School Projects/GP DIG4715C/Gehenna/Content/JavonTest/_Generated_/JavonTest_MainGrid_L0_X-3_Y-1.umap" 821
"C:/Users/Stanl/Projects/Game Projects/UE Projects/School Projects/GP DIG4715C/Gehenna/Content/JavonTest/_Generated_/JavonTest_MainGrid_L0_X-2_Y-2.uexp" 822
"C:/Users/Stanl/Projects/Game Projects/UE Projects/School Projects/GP DIG4715C/Gehenna/Content/JavonTest/_Generated_/JavonTest_MainGrid_L0_X-2_Y-2.ubulk" 823
"C:/Users/Stanl/Projects/Game Projects/UE Projects/School Projects/GP DIG4715C/Gehenna/Content/JavonTest/_Generated_/JavonTest_MainGrid_L0_X-2_Y-2.umap" 824
"C:/Users/Stanl/Projects/Game Projects/UE Projects/School Projects/GP DIG4715C/Gehenna/Content/JavonTest/_Generated_/JavonTest_MainGrid_L0_X-1_Y-4.uexp" 825
"C:/Users/Stanl/Projects/Game Projects/UE Projects/School Projects/GP DIG4715C/Gehenna/Content/JavonTest/_Generated_/JavonTest_MainGrid_L0_X-1_Y-4.ubulk" 826
"C:/Users/Stanl/Projects/Game Projects/UE Projects/School Projects/GP DIG4715C/Gehenna/Content/JavonTest/_Generated_/JavonTest_MainGrid_L0_X-1_Y-4.umap" 827
"C:/Users/Stanl/Projects/Game Projects/UE Projects/School Projects/GP DIG4715C/Gehenna/Content/JavonTest/_Generated_/JavonTest_MainGrid_L0_X0_Y-4.uexp" 828
"C:/Users/Stanl/Projects/Game Projects/UE Projects/School Projects/GP DIG4715C/Gehenna/Content/JavonTest/_Generated_/JavonTest_MainGrid_L0_X0_Y-4.ubulk" 829
"C:/Users/Stanl/Projects/Game Projects/UE Projects/School Projects/GP DIG4715C/Gehenna/Content/JavonTest/_Generated_/JavonTest_MainGrid_L0_X0_Y-4.umap" 830
"C:/Users/Stanl/Projects/Game Projects/UE Projects/School Projects/GP DIG4715C/Gehenna/Content/JavonTest/_Generated_/JavonTest_MainGrid_L0_X0_Y2.uexp" 831
"C:/Users/Stanl/Projects/Game Projects/UE Projects/School Projects/GP DIG4715C/Gehenna/Content/JavonTest/_Generated_/JavonTest_MainGrid_L0_X0_Y2.ubulk" 832
"C:/Users/Stanl/Projects/Game Projects/UE Projects/School Projects/GP DIG4715C/Gehenna/Content/JavonTest/_Generated_/JavonTest_MainGrid_L0_X0_Y2.umap" 833
"C:/Users/Stanl/Projects/Game Projects/UE Projects/School Projects/GP DIG4715C/Gehenna/Content/JavonTest/_Generated_/JavonTest_MainGrid_L0_X-4_Y-1.uexp" 834
"C:/Users/Stanl/Projects/Game Projects/UE Projects/School Projects/GP DIG4715C/Gehenna/Content/JavonTest/_Generated_/JavonTest_MainGrid_L0_X-4_Y-1.ubulk" 835
"C:/Users/Stanl/Projects/Game Projects/UE Projects/School Projects/GP DIG4715C/Gehenna/Content/JavonTest/_Generated_/JavonTest_MainGrid_L0_X-4_Y-1.umap" 836
"C:/Users/Stanl/Projects/Game Projects/UE Projects/School Projects/GP DIG4715C/Gehenna/Content/JavonTest/_Generated_/JavonTest_MainGrid_L0_X0_Y0.uexp" 837
"C:/Users/Stanl/Projects/Game Projects/UE Projects/School Projects/GP DIG4715C/Gehenna/Content/JavonTest/_Generated_/JavonTest_MainGrid_L0_X0_Y0.ubulk" 838
"C:/Users/Stanl/Projects/Game Projects/UE Projects/School Projects/GP DIG4715C/Gehenna/Content/JavonTest/_Generated_/JavonTest_MainGrid_L0_X0_Y0.umap" 839
"C:/Users/Stanl/Projects/Game Projects/UE Projects/School Projects/GP DIG4715C/Gehenna/Content/JavonTest/_Generated_/JavonTest_MainGrid_L0_X0_Y-2.uexp" 840
"C:/Users/Stanl/Projects/Game Projects/UE Projects/School Projects/GP DIG4715C/Gehenna/Content/JavonTest/_Generated_/JavonTest_MainGrid_L0_X0_Y-2.ubulk" 841
"C:/Users/Stanl/Projects/Game Projects/UE Projects/School Projects/GP DIG4715C/Gehenna/Content/JavonTest/_Generated_/JavonTest_MainGrid_L0_X0_Y-2.umap" 842
"C:/Users/Stanl/Projects/Game Projects/UE Projects/School Projects/GP DIG4715C/Gehenna/Content/JavonTest/_Generated_/JavonTest_MainGrid_L0_X-1_Y-2.uexp" 843
"C:/Users/Stanl/Projects/Game Projects/UE Projects/School Projects/GP DIG4715C/Gehenna/Content/JavonTest/_Generated_/JavonTest_MainGrid_L0_X-1_Y-2.ubulk" 844
"C:/Users/Stanl/Projects/Game Projects/UE Projects/School Projects/GP DIG4715C/Gehenna/Content/JavonTest/_Generated_/JavonTest_MainGrid_L0_X-1_Y-2.umap" 845
"C:/Users/Stanl/Projects/Game Projects/UE Projects/School Projects/GP DIG4715C/Gehenna/Content/JavonTest/_Generated_/JavonTest_MainGrid_L0_X2_Y-3.uexp" 846
"C:/Users/Stanl/Projects/Game Projects/UE Projects/School Projects/GP DIG4715C/Gehenna/Content/JavonTest/_Generated_/JavonTest_MainGrid_L0_X2_Y-3.ubulk" 847
"C:/Users/Stanl/Projects/Game Projects/UE Projects/School Projects/GP DIG4715C/Gehenna/Content/JavonTest/_Generated_/JavonTest_MainGrid_L0_X2_Y-3.umap" 848
"C:/Users/Stanl/Projects/Game Projects/UE Projects/School Projects/GP DIG4715C/Gehenna/Content/JavonTest/_Generated_/JavonTest_MainGrid_L0_X3_Y2.uexp" 849
"C:/Users/Stanl/Projects/Game Projects/UE Projects/School Projects/GP DIG4715C/Gehenna/Content/JavonTest/_Generated_/JavonTest_MainGrid_L0_X3_Y2.ubulk" 850
"C:/Users/Stanl/Projects/Game Projects/UE Projects/School Projects/GP DIG4715C/Gehenna/Content/JavonTest/_Generated_/JavonTest_MainGrid_L0_X3_Y2.umap" 851
"C:/Users/Stanl/Projects/Game Projects/UE Projects/School Projects/GP DIG4715C/Gehenna/Content/JavonTest/_Generated_/JavonTest_MainGrid_L0_X3_Y1.uexp" 852
"C:/Users/Stanl/Projects/Game Projects/UE Projects/School Projects/GP DIG4715C/Gehenna/Content/JavonTest/_Generated_/JavonTest_MainGrid_L0_X3_Y1.ubulk" 853
"C:/Users/Stanl/Projects/Game Projects/UE Projects/School Projects/GP DIG4715C/Gehenna/Content/JavonTest/_Generated_/JavonTest_MainGrid_L0_X3_Y1.umap" 854
"C:/Users/Stanl/Projects/Game Projects/UE Projects/School Projects/GP DIG4715C/Gehenna/Content/JavonTest/_Generated_/JavonTest_MainGrid_L0_X3_Y-4.uexp" 855
"C:/Users/Stanl/Projects/Game Projects/UE Projects/School Projects/GP DIG4715C/Gehenna/Content/JavonTest/_Generated_/JavonTest_MainGrid_L0_X3_Y-4.ubulk" 856
"C:/Users/Stanl/Projects/Game Projects/UE Projects/School Projects/GP DIG4715C/Gehenna/Content/JavonTest/_Generated_/JavonTest_MainGrid_L0_X3_Y-4.umap" 857
"C:/Users/Stanl/Projects/Game Projects/UE Projects/School Projects/GP DIG4715C/Gehenna/Content/JavonTest/_Generated_/JavonTest_MainGrid_L0_X-3_Y-4.uexp" 858
"C:/Users/Stanl/Projects/Game Projects/UE Projects/School Projects/GP DIG4715C/Gehenna/Content/JavonTest/_Generated_/JavonTest_MainGrid_L0_X-3_Y-4.ubulk" 859
"C:/Users/Stanl/Projects/Game Projects/UE Projects/School Projects/GP DIG4715C/Gehenna/Content/JavonTest/_Generated_/JavonTest_MainGrid_L0_X-3_Y-4.umap" 860
"C:/Users/Stanl/Projects/Game Projects/UE Projects/School Projects/GP DIG4715C/Gehenna/Content/JavonTest/_Generated_/JavonTest_MainGrid_L0_X-1_Y2.uexp" 861
"C:/Users/Stanl/Projects/Game Projects/UE Projects/School Projects/GP DIG4715C/Gehenna/Content/JavonTest/_Generated_/JavonTest_MainGrid_L0_X-1_Y2.ubulk" 862
"C:/Users/Stanl/Projects/Game Projects/UE Projects/School Projects/GP DIG4715C/Gehenna/Content/JavonTest/_Generated_/JavonTest_MainGrid_L0_X-1_Y2.umap" 863
"C:/Users/Stanl/Projects/Game Projects/UE Projects/School Projects/GP DIG4715C/Gehenna/Content/JavonTest/_Generated_/JavonTest_MainGrid_L0_X-2_Y-3.uexp" 864
"C:/Users/Stanl/Projects/Game Projects/UE Projects/School Projects/GP DIG4715C/Gehenna/Content/JavonTest/_Generated_/JavonTest_MainGrid_L0_X-2_Y-3.ubulk" 865
"C:/Users/Stanl/Projects/Game Projects/UE Projects/School Projects/GP DIG4715C/Gehenna/Content/JavonTest/_Generated_/JavonTest_MainGrid_L0_X-2_Y-3.umap" 866
"C:/Users/Stanl/Projects/Game Projects/UE Projects/School Projects/GP DIG4715C/Gehenna/Content/JavonTest/_Generated_/JavonTest_MainGrid_L0_X-3_Y-3.uexp" 867
"C:/Users/Stanl/Projects/Game Projects/UE Projects/School Projects/GP DIG4715C/Gehenna/Content/JavonTest/_Generated_/JavonTest_MainGrid_L0_X-3_Y-3.ubulk" 868
"C:/Users/Stanl/Projects/Game Projects/UE Projects/School Projects/GP DIG4715C/Gehenna/Content/JavonTest/_Generated_/JavonTest_MainGrid_L0_X-3_Y-3.umap" 869
"C:/Users/Stanl/Projects/Game Projects/UE Projects/School Projects/GP DIG4715C/Gehenna/Content/JavonTest/_Generated_/JavonTest_MainGrid_L0_X-4_Y1.uexp" 870
"C:/Users/Stanl/Projects/Game Projects/UE Projects/School Projects/GP DIG4715C/Gehenna/Content/JavonTest/_Generated_/JavonTest_MainGrid_L0_X-4_Y1.ubulk" 871
"C:/Users/Stanl/Projects/Game Projects/UE Projects/School Projects/GP DIG4715C/Gehenna/Content/JavonTest/_Generated_/JavonTest_MainGrid_L0_X-4_Y1.umap" 872
"C:/Users/Stanl/Projects/Game Projects/UE Projects/School Projects/GP DIG4715C/Gehenna/Content/JavonTest/_Generated_/JavonTest_MainGrid_L0_X-2_Y-4.uexp" 873
"C:/Users/Stanl/Projects/Game Projects/UE Projects/School Projects/GP DIG4715C/Gehenna/Content/JavonTest/_Generated_/JavonTest_MainGrid_L0_X-2_Y-4.ubulk" 874
"C:/Users/Stanl/Projects/Game Projects/UE Projects/School Projects/GP DIG4715C/Gehenna/Content/JavonTest/_Generated_/JavonTest_MainGrid_L0_X-2_Y-4.umap" 875
"C:/Users/Stanl/Projects/Game Projects/UE Projects/School Projects/GP DIG4715C/Gehenna/Content/JavonTest/_Generated_/JavonTest_MainGrid_L0_X-2_Y-1.uexp" 876
"C:/Users/Stanl/Projects/Game Projects/UE Projects/School Projects/GP DIG4715C/Gehenna/Content/JavonTest/_Generated_/JavonTest_MainGrid_L0_X-2_Y-1.ubulk" 877
"C:/Users/Stanl/Projects/Game Projects/UE Projects/School Projects/GP DIG4715C/Gehenna/Content/JavonTest/_Generated_/JavonTest_MainGrid_L0_X-2_Y-1.umap" 878
"C:/Users/Stanl/Projects/Game Projects/UE Projects/School Projects/GP DIG4715C/Gehenna/Content/JavonTest/_Generated_/JavonTest_MainGrid_L0_X-3_Y-2.uexp" 879
"C:/Users/Stanl/Projects/Game Projects/UE Projects/School Projects/GP DIG4715C/Gehenna/Content/JavonTest/_Generated_/JavonTest_MainGrid_L0_X-3_Y-2.ubulk" 880
"C:/Users/Stanl/Projects/Game Projects/UE Projects/School Projects/GP DIG4715C/Gehenna/Content/JavonTest/_Generated_/JavonTest_MainGrid_L0_X-3_Y-2.umap" 881
"C:/Users/Stanl/Projects/Game Projects/UE Projects/School Projects/GP DIG4715C/Gehenna/Content/JavonTest/_Generated_/JavonTest_MainGrid_L0_X-4_Y-2.uexp" 882
"C:/Users/Stanl/Projects/Game Projects/UE Projects/School Projects/GP DIG4715C/Gehenna/Content/JavonTest/_Generated_/JavonTest_MainGrid_L0_X-4_Y-2.ubulk" 883
"C:/Users/Stanl/Projects/Game Projects/UE Projects/School Projects/GP DIG4715C/Gehenna/Content/JavonTest/_Generated_/JavonTest_MainGrid_L0_X-4_Y-2.umap" 884
"C:/Users/Stanl/Projects/Game Projects/UE Projects/School Projects/GP DIG4715C/Gehenna/Content/JavonTest/_Generated_/JavonTest_MainGrid_L0_X-1_Y1.uexp" 885
"C:/Users/Stanl/Projects/Game Projects/UE Projects/School Projects/GP DIG4715C/Gehenna/Content/JavonTest/_Generated_/JavonTest_MainGrid_L0_X-1_Y1.ubulk" 886
"C:/Users/Stanl/Projects/Game Projects/UE Projects/School Projects/GP DIG4715C/Gehenna/Content/JavonTest/_Generated_/JavonTest_MainGrid_L0_X-1_Y1.umap" 887
"C:/Users/Stanl/Projects/Game Projects/UE Projects/School Projects/GP DIG4715C/Gehenna/Content/JavonTest/_Generated_/JavonTest_MainGrid_L0_X-2_Y0.uexp" 888
"C:/Users/Stanl/Projects/Game Projects/UE Projects/School Projects/GP DIG4715C/Gehenna/Content/JavonTest/_Generated_/JavonTest_MainGrid_L0_X-2_Y0.ubulk" 889
"C:/Users/Stanl/Projects/Game Projects/UE Projects/School Projects/GP DIG4715C/Gehenna/Content/JavonTest/_Generated_/JavonTest_MainGrid_L0_X-2_Y0.umap" 890
"C:/Users/Stanl/Projects/Game Projects/UE Projects/School Projects/GP DIG4715C/Gehenna/Content/JavonTest/_Generated_/JavonTest_MainGrid_L0_X-4_Y3.uexp" 891
"C:/Users/Stanl/Projects/Game Projects/UE Projects/School Projects/GP DIG4715C/Gehenna/Content/JavonTest/_Generated_/JavonTest_MainGrid_L0_X-4_Y3.ubulk" 892
"C:/Users/Stanl/Projects/Game Projects/UE Projects/School Projects/GP DIG4715C/Gehenna/Content/JavonTest/_Generated_/JavonTest_MainGrid_L0_X-4_Y3.umap" 893
"C:/Users/Stanl/Projects/Game Projects/UE Projects/School Projects/GP DIG4715C/Gehenna/Content/JavonTest/_Generated_/JavonTest_MainGrid_L0_X1_Y-4.uexp" 894
"C:/Users/Stanl/Projects/Game Projects/UE Projects/School Projects/GP DIG4715C/Gehenna/Content/JavonTest/_Generated_/JavonTest_MainGrid_L0_X1_Y-4.ubulk" 895
"C:/Users/Stanl/Projects/Game Projects/UE Projects/School Projects/GP DIG4715C/Gehenna/Content/JavonTest/_Generated_/JavonTest_MainGrid_L0_X1_Y-4.umap" 896
"C:/Users/Stanl/Projects/Game Projects/UE Projects/School Projects/GP DIG4715C/Gehenna/Content/JavonTest/_Generated_/JavonTest_MainGrid_L0_X3_Y-3.uexp" 897
"C:/Users/Stanl/Projects/Game Projects/UE Projects/School Projects/GP DIG4715C/Gehenna/Content/JavonTest/_Generated_/JavonTest_MainGrid_L0_X3_Y-3.ubulk" 898
"C:/Users/Stanl/Projects/Game Projects/UE Projects/School Projects/GP DIG4715C/Gehenna/Content/JavonTest/_Generated_/JavonTest_MainGrid_L0_X3_Y-3.umap" 899
"C:/Users/Stanl/Projects/Game Projects/UE Projects/School Projects/GP DIG4715C/Gehenna/Content/JavonTest/_Generated_/JavonTest_MainGrid_L0_X2_Y1.uexp" 900
"C:/Users/Stanl/Projects/Game Projects/UE Projects/School Projects/GP DIG4715C/Gehenna/Content/JavonTest/_Generated_/JavonTest_MainGrid_L0_X2_Y1.ubulk" 901
"C:/Users/Stanl/Projects/Game Projects/UE Projects/School Projects/GP DIG4715C/Gehenna/Content/JavonTest/_Generated_/JavonTest_MainGrid_L0_X2_Y1.umap" 902
"C:/Users/Stanl/Projects/Game Projects/UE Projects/School Projects/GP DIG4715C/Gehenna/Content/JavonTest/_Generated_/JavonTest_MainGrid_L0_X2_Y-1.uexp" 903
"C:/Users/Stanl/Projects/Game Projects/UE Projects/School Projects/GP DIG4715C/Gehenna/Content/JavonTest/_Generated_/JavonTest_MainGrid_L0_X2_Y-1.ubulk" 904
"C:/Users/Stanl/Projects/Game Projects/UE Projects/School Projects/GP DIG4715C/Gehenna/Content/JavonTest/_Generated_/JavonTest_MainGrid_L0_X2_Y-1.umap" 905
"C:/Users/Stanl/Projects/Game Projects/UE Projects/School Projects/GP DIG4715C/Gehenna/Content/JavonTest/_Generated_/JavonTest_MainGrid_L0_X1_Y3.uexp" 906
"C:/Users/Stanl/Projects/Game Projects/UE Projects/School Projects/GP DIG4715C/Gehenna/Content/JavonTest/_Generated_/JavonTest_MainGrid_L0_X1_Y3.ubulk" 907
"C:/Users/Stanl/Projects/Game Projects/UE Projects/School Projects/GP DIG4715C/Gehenna/Content/JavonTest/_Generated_/JavonTest_MainGrid_L0_X1_Y3.umap" 908
"C:/Users/Stanl/Projects/Game Projects/UE Projects/School Projects/GP DIG4715C/Gehenna/Content/JavonTest/_Generated_/JavonTest_MainGrid_L0_X1_Y1.uexp" 909
"C:/Users/Stanl/Projects/Game Projects/UE Projects/School Projects/GP DIG4715C/Gehenna/Content/JavonTest/_Generated_/JavonTest_MainGrid_L0_X1_Y1.ubulk" 910
"C:/Users/Stanl/Projects/Game Projects/UE Projects/School Projects/GP DIG4715C/Gehenna/Content/JavonTest/_Generated_/JavonTest_MainGrid_L0_X1_Y1.umap" 911
"C:/Users/Stanl/Projects/Game Projects/UE Projects/School Projects/GP DIG4715C/Gehenna/Content/JavonTest/_Generated_/JavonTest_MainGrid_L0_X0_Y-1.uexp" 912
"C:/Users/Stanl/Projects/Game Projects/UE Projects/School Projects/GP DIG4715C/Gehenna/Content/JavonTest/_Generated_/JavonTest_MainGrid_L0_X0_Y-1.ubulk" 913
"C:/Users/Stanl/Projects/Game Projects/UE Projects/School Projects/GP DIG4715C/Gehenna/Content/JavonTest/_Generated_/JavonTest_MainGrid_L0_X0_Y-1.umap" 914
